#
# There is insufficient memory for the Java Runtime Environment to continue.
# Native memory allocation (malloc) failed to allocate 1048576 bytes. Error detail: AllocateHeap
# Possible reasons:
#   The system is out of physical RAM or swap space
#   This process is running with CompressedOops enabled, and the Java Heap may be blocking the growth of the native heap
# Possible solutions:
#   Reduce memory load on the system
#   Increase physical memory or swap space
#   Check if swap backing store is full
#   Decrease Java heap size (-Xmx/-Xms)
#   Decrease number of Java threads
#   Decrease Java thread stack sizes (-Xss)
#   Set larger code cache with -XX:ReservedCodeCacheSize=
#   JVM is running with Unscaled Compressed Oops mode in which the Java heap is
#     placed in the first 4GB address space. The Java Heap base address is the
#     maximum limit for the native heap growth. Please use -XX:HeapBaseMinAddress
#     to set the Java Heap base and to place the Java Heap above 4GB virtual address.
# This output file may be truncated or incomplete.
#
#  Out of Memory Error (allocation.cpp:44), pid=14160, tid=15236
#
# JRE version: OpenJDK Runtime Environment Temurin-21.0.9+10 (21.0.9+10) (build 21.0.9+10-LTS)
# Java VM: OpenJDK 64-Bit Server VM Temurin-21.0.9+10 (21.0.9+10-LTS, mixed mode, sharing, tiered, compressed oops, compressed class ptrs, parallel gc, windows-amd64)
# No core dump will be written. Minidumps are not enabled by default on client versions of Windows
#

---------------  S U M M A R Y ------------

Command Line: --add-modules=ALL-SYSTEM --add-opens=java.base/java.util=ALL-UNNAMED --add-opens=java.base/java.lang=ALL-UNNAMED --add-opens=java.base/sun.nio.fs=ALL-UNNAMED -Declipse.application=org.eclipse.jdt.ls.core.id1 -Dosgi.bundles.defaultStartLevel=4 -Declipse.product=org.eclipse.jdt.ls.core.product -Djava.import.generatesMetadataFilesAtProjectRoot=false -DDetectVMInstallationsJob.disabled=true -Dfile.encoding=utf8 -XX:+UseParallelGC -XX:GCTimeRatio=4 -XX:AdaptiveSizePolicyWeight=90 -Dsun.zip.disableMemoryMapping=true -Xmx2G -Xms100m -Xlog:disable -javaagent:c:\Users\faten\.vscode\extensions\redhat.java-1.52.0-win32-x64\lombok\lombok-1.18.39-4050.jar -XX:+HeapDumpOnOutOfMemoryError -XX:HeapDumpPath=c:\Users\faten\AppData\Roaming\Code\User\workspaceStorage\9c9616e61aa4d3922fab3da3c2e1cb49\redhat.java -Daether.dependencyCollector.impl=bf c:\Users\faten\.vscode\extensions\redhat.java-1.52.0-win32-x64\server\plugins\org.eclipse.equinox.launcher_1.7.100.v20251111-0406.jar -configuration c:\Users\faten\AppData\Roaming\Code\User\globalStorage\redhat.java\1.52.0\config_win -data c:\Users\faten\AppData\Roaming\Code\User\workspaceStorage\9c9616e61aa4d3922fab3da3c2e1cb49\redhat.java\jdt_ws --pipe=\\.\pipe\lsp-cf77275475052b40e7ab4579f020681f-sock

Host: Intel(R) Celeron(R) N4120 CPU @ 1.10GHz, 4 cores, 7G,  Windows 11 , 64 bit Build 26100 (10.0.26100.7705)
Time: Mon Feb  9 21:25:23 2026 Paris, Madrid elapsed time: 13666.677326 seconds (0d 3h 47m 46s)

---------------  T H R E A D  ---------------

Current thread (0x000002ebb3eb3660):  JavaThread "Attach Listener" daemon [_thread_in_vm, id=15236, stack(0x000000fa2e700000,0x000000fa2e800000) (1024K)]

Stack: [0x000000fa2e700000,0x000000fa2e800000]
Native frames: (J=compiled Java code, j=interpreted, Vv=VM code, C=native code)
V  [jvm.dll+0x6d6e29]
V  [jvm.dll+0x8b4b76]
V  [jvm.dll+0x8b712e]
V  [jvm.dll+0x8b7813]
V  [jvm.dll+0x283d86]
V  [jvm.dll+0xc1277]
V  [jvm.dll+0x6d76d9]
V  [jvm.dll+0x133466]
V  [jvm.dll+0x3f7ea6]
V  [jvm.dll+0x85e9ad]
V  [jvm.dll+0x6d565d]
C  [ucrtbase.dll+0x37b0]
C  [KERNEL32.DLL+0x2e8d7]
C  [ntdll.dll+0x8c40c]


---------------  P R O C E S S  ---------------

Threads class SMR info:
_java_thread_list=0x000002ebfce41510, length=32, elements={
0x000002eb9b555460, 0x000002eb9b60be90, 0x000002ebb3eb0750, 0x000002ebb3eb2890,
0x000002ebb3eb3660, 0x000002ebb3eb7fb0, 0x000002ebb3eb8a00, 0x000002ebb3eb9780,
0x000002ebb3f34540, 0x000002ebfa13a930, 0x000002ebfa32c400, 0x000002ebfa544b60,
0x000002ebfa2aaf80, 0x000002ebfabafb30, 0x000002ebfa0d7bd0, 0x000002ebfa66ca80,
0x000002ebfa927570, 0x000002ebfb19aed0, 0x000002ebfb19b560, 0x000002ebfb19a840,
0x000002ebfba8f4d0, 0x000002ebfba8c6e0, 0x000002ebfba8d400, 0x000002ebfba8e120,
0x000002ebfba8e7b0, 0x000002ebfba8ee40, 0x000002ebfba8c050, 0x000002ebfba92fe0,
0x000002ebfdd4d930, 0x000002ebfdd51ad0, 0x000002ebfdd4f370, 0x000002ebfdd53ba0
}

Java Threads: ( => current thread )
  0x000002eb9b555460 JavaThread "main"                              [_thread_blocked, id=14508, stack(0x000000fa2df00000,0x000000fa2e000000) (1024K)]
  0x000002eb9b60be90 JavaThread "Reference Handler"          daemon [_thread_blocked, id=14388, stack(0x000000fa2e400000,0x000000fa2e500000) (1024K)]
  0x000002ebb3eb0750 JavaThread "Finalizer"                  daemon [_thread_blocked, id=14828, stack(0x000000fa2e500000,0x000000fa2e600000) (1024K)]
  0x000002ebb3eb2890 JavaThread "Signal Dispatcher"          daemon [_thread_blocked, id=13792, stack(0x000000fa2e600000,0x000000fa2e700000) (1024K)]
=>0x000002ebb3eb3660 JavaThread "Attach Listener"            daemon [_thread_in_vm, id=15236, stack(0x000000fa2e700000,0x000000fa2e800000) (1024K)]
  0x000002ebb3eb7fb0 JavaThread "Service Thread"             daemon [_thread_blocked, id=13560, stack(0x000000fa2e800000,0x000000fa2e900000) (1024K)]
  0x000002ebb3eb8a00 JavaThread "Monitor Deflation Thread"   daemon [_thread_blocked, id=2496, stack(0x000000fa2e900000,0x000000fa2ea00000) (1024K)]
  0x000002ebb3eb9780 JavaThread "C2 CompilerThread0"         daemon [_thread_blocked, id=12444, stack(0x000000fa2ea00000,0x000000fa2eb00000) (1024K)]
  0x000002ebb3f34540 JavaThread "C1 CompilerThread0"         daemon [_thread_blocked, id=14424, stack(0x000000fa2eb00000,0x000000fa2ec00000) (1024K)]
  0x000002ebfa13a930 JavaThread "Common-Cleaner"             daemon [_thread_blocked, id=4624, stack(0x000000fa2ec00000,0x000000fa2ed00000) (1024K)]
  0x000002ebfa32c400 JavaThread "Notification Thread"        daemon [_thread_blocked, id=15700, stack(0x000000fa2ed00000,0x000000fa2ee00000) (1024K)]
  0x000002ebfa544b60 JavaThread "Active Thread: Equinox Container: 005af33e-bef4-4496-97af-800803d59670"        [_thread_blocked, id=7496, stack(0x000000fa2f100000,0x000000fa2f200000) (1024K)]
  0x000002ebfa2aaf80 JavaThread "Refresh Thread: Equinox Container: 005af33e-bef4-4496-97af-800803d59670" daemon [_thread_blocked, id=5324, stack(0x000000fa2de00000,0x000000fa2df00000) (1024K)]
  0x000002ebfabafb30 JavaThread "Framework Event Dispatcher: Equinox Container: 005af33e-bef4-4496-97af-800803d59670" daemon [_thread_blocked, id=13736, stack(0x000000fa2f200000,0x000000fa2f300000) (1024K)]
  0x000002ebfa0d7bd0 JavaThread "Start Level: Equinox Container: 005af33e-bef4-4496-97af-800803d59670" daemon [_thread_blocked, id=5708, stack(0x000000fa2f300000,0x000000fa2f400000) (1024K)]
  0x000002ebfa66ca80 JavaThread "Bundle File Closer"         daemon [_thread_blocked, id=16232, stack(0x000000fa2f500000,0x000000fa2f600000) (1024K)]
  0x000002ebfa927570 JavaThread "SCR Component Actor"        daemon [_thread_blocked, id=16668, stack(0x000000fa2e000000,0x000000fa2e100000) (1024K)]
  0x000002ebfb19aed0 JavaThread "Worker-JM"                         [_thread_blocked, id=6832, stack(0x000000fa2f400000,0x000000fa2f500000) (1024K)]
  0x000002ebfb19b560 JavaThread "JNA Cleaner"                daemon [_thread_blocked, id=17180, stack(0x000000fa2f800000,0x000000fa2f900000) (1024K)]
  0x000002ebfb19a840 JavaThread "Java indexing"              daemon [_thread_blocked, id=10596, stack(0x000000fa2fe00000,0x000000fa2ff00000) (1024K)]
  0x000002ebfba8f4d0 JavaThread "Thread-1"                   daemon [_thread_in_native, id=9784, stack(0x000000fa30300000,0x000000fa30400000) (1024K)]
  0x000002ebfba8c6e0 JavaThread "Thread-2"                   daemon [_thread_in_native, id=16200, stack(0x000000fa30400000,0x000000fa30500000) (1024K)]
  0x000002ebfba8d400 JavaThread "Thread-3"                   daemon [_thread_in_native, id=16320, stack(0x000000fa30500000,0x000000fa30600000) (1024K)]
  0x000002ebfba8e120 JavaThread "Thread-4"                   daemon [_thread_in_native, id=14044, stack(0x000000fa30600000,0x000000fa30700000) (1024K)]
  0x000002ebfba8e7b0 JavaThread "Thread-5"                   daemon [_thread_in_native, id=7152, stack(0x000000fa30700000,0x000000fa30800000) (1024K)]
  0x000002ebfba8ee40 JavaThread "pool-2-thread-1"                   [_thread_blocked, id=12244, stack(0x000000fa30800000,0x000000fa30900000) (1024K)]
  0x000002ebfba8c050 JavaThread "WorkspaceEventsHandler"            [_thread_blocked, id=15564, stack(0x000000fa30900000,0x000000fa30a00000) (1024K)]
  0x000002ebfba92fe0 JavaThread "pool-1-thread-1"                   [_thread_blocked, id=4412, stack(0x000000fa30a00000,0x000000fa30b00000) (1024K)]
  0x000002ebfdd4d930 JavaThread "Worker-9"                          [_thread_blocked, id=3492, stack(0x000000fa2fa00000,0x000000fa2fb00000) (1024K)]
  0x000002ebfdd51ad0 JavaThread "Worker-10"                         [_thread_blocked, id=16484, stack(0x000000fa2fc00000,0x000000fa2fd00000) (1024K)]
  0x000002ebfdd4f370 JavaThread "Cleaner-0"                  daemon [_thread_blocked, id=12944, stack(0x000000fa30000000,0x000000fa30100000) (1024K)]
  0x000002ebfdd53ba0 JavaThread "HttpClient-1-SelectorManager" daemon [_thread_in_native, id=11112, stack(0x000000fa2ff00000,0x000000fa30000000) (1024K)]
Total: 32

Other Threads:
  0x000002eb9b5eea00 VMThread "VM Thread"                           [id=1196, stack(0x000000fa2e300000,0x000000fa2e400000) (1024K)]
  0x000002ebb3e4cb00 WatcherThread "VM Periodic Task Thread"        [id=14148, stack(0x000000fa2e200000,0x000000fa2e300000) (1024K)]
  0x000002eb9b574450 WorkerThread "GC Thread#0"                     [id=3056, stack(0x000000fa2e100000,0x000000fa2e200000) (1024K)]
  0x000002ebfa517fb0 WorkerThread "GC Thread#1"                     [id=16044, stack(0x000000fa2ee00000,0x000000fa2ef00000) (1024K)]
  0x000002ebfa77a2c0 WorkerThread "GC Thread#2"                     [id=16048, stack(0x000000fa2ef00000,0x000000fa2f000000) (1024K)]
  0x000002ebfa77a660 WorkerThread "GC Thread#3"                     [id=16052, stack(0x000000fa2f000000,0x000000fa2f100000) (1024K)]
Total: 6

Threads with active compile tasks:
Total: 0

VM state: not at safepoint (normal execution)

VM Mutex/Monitor currently owned by a thread: None

Heap address: 0x0000000080000000, size: 2048 MB, Compressed Oops mode: 32-bit

CDS archive(s) mapped at: [0x000002ebb4000000-0x000002ebb4ba0000-0x000002ebb4ba0000), size 12189696, SharedBaseAddress: 0x000002ebb4000000, ArchiveRelocationMode: 1.
Compressed class space mapped at: 0x000002ebb5000000-0x000002ebf5000000, reserved size: 1073741824
Narrow klass base: 0x000002ebb4000000, Narrow klass shift: 0, Narrow klass range: 0x100000000

GC Precious Log:
 CardTable entry size: 512
 CPUs: 4 total, 4 available
 Memory: 7833M
 Large Page Support: Disabled
 NUMA Support: Disabled
 Compressed Oops: Enabled (32-bit)
 Alignments: Space 512K, Generation 512K, Heap 2M
 Heap Min Capacity: 100M
 Heap Initial Capacity: 100M
 Heap Max Capacity: 2G
 Pre-touch: Disabled
 Parallel Workers: 4

Heap:
 PSYoungGen      total 2048K, used 1527K [0x00000000d5580000, 0x00000000d5880000, 0x0000000100000000)
  eden space 1536K, 91% used [0x00000000d5580000,0x00000000d56ddef0,0x00000000d5700000)
  from space 512K, 25% used [0x00000000d5800000,0x00000000d5820000,0x00000000d5880000)
  to   space 512K, 0% used [0x00000000d5700000,0x00000000d5700000,0x00000000d5780000)
 ParOldGen       total 206848K, used 206697K [0x0000000080000000, 0x000000008ca00000, 0x00000000d5580000)
  object space 206848K, 99% used [0x0000000080000000,0x000000008c9da598,0x000000008ca00000)
 Metaspace       used 81227K, committed 82880K, reserved 1179648K
  class space    used 8606K, committed 9344K, reserved 1048576K

Card table byte_map: [0x000002ebaf280000,0x000002ebaf690000] _byte_map_base: 0x000002ebaee80000

Marking Bits: (ParMarkBitMap*) 0x00007ffa54762460
 Begin Bits: [0x000002ebaf940000, 0x000002ebb1940000)
 End Bits:   [0x000002ebb1940000, 0x000002ebb3940000)

Polling page: 0x000002eb9b610000

Metaspace:

Usage:
  Non-class:     70.92 MB used.
      Class:      8.40 MB used.
       Both:     79.32 MB used.

Virtual space:
  Non-class space:      128.00 MB reserved,      71.81 MB ( 56%) committed,  2 nodes.
      Class space:        1.00 GB reserved,       9.12 MB ( <1%) committed,  1 nodes.
             Both:        1.12 GB reserved,      80.94 MB (  7%) committed. 

Chunk freelists:
   Non-Class:  7.94 MB
       Class:  6.79 MB
        Both:  14.73 MB

MaxMetaspaceSize: unlimited
CompressedClassSpaceSize: 1.00 GB
Initial GC threshold: 21.00 MB
Current GC threshold: 97.31 MB
CDS: on
 - commit_granule_bytes: 65536.
 - commit_granule_words: 8192.
 - virtual_space_node_default_size: 8388608.
 - enlarge_chunks_in_place: 1.
 - use_allocation_guard: 0.


Internal statistics:

num_allocs_failed_limit: 9.
num_arena_births: 1410.
num_arena_deaths: 14.
num_vsnodes_births: 3.
num_vsnodes_deaths: 0.
num_space_committed: 1295.
num_space_uncommitted: 0.
num_chunks_returned_to_freelist: 23.
num_chunks_taken_from_freelist: 5223.
num_chunk_merges: 12.
num_chunk_splits: 3158.
num_chunks_enlarged: 1703.
num_inconsistent_stats: 0.

CodeHeap 'non-profiled nmethods': size=120000Kb used=9811Kb max_used=9811Kb free=110188Kb
 bounds [0x000002eba7b70000, 0x000002eba8510000, 0x000002ebaf0a0000]
CodeHeap 'profiled nmethods': size=120000Kb used=31412Kb max_used=31412Kb free=88587Kb
 bounds [0x000002eba00a0000, 0x000002eba1f50000, 0x000002eba75d0000]
CodeHeap 'non-nmethods': size=5760Kb used=1507Kb max_used=1590Kb free=4252Kb
 bounds [0x000002eba75d0000, 0x000002eba7840000, 0x000002eba7b70000]
CodeCache: size=245760Kb, used=42730Kb, max_used=42813Kb, free=203027Kb
 total_blobs=13573, nmethods=12743, adapters=733, full_count=0
Compilation: enabled, stopped_count=0, restarted_count=0

Compilation events (20 events):
Event: 2214.962 Thread 0x000002ebb3f34540 13651       3       java.util.concurrent.ScheduledThreadPoolExecutor::reExecutePeriodic (49 bytes)
Event: 2214.962 Thread 0x000002ebb3f34540 nmethod 13651 0x000002eba1f46410 code [0x000002eba1f46640, 0x000002eba1f46dc0]
Event: 2248.910 Thread 0x000002ebb3f34540 13652       1       org.eclipse.core.internal.jobs.InternalJob::internalSetPriority (6 bytes)
Event: 2248.910 Thread 0x000002ebb3f34540 nmethod 13652 0x000002eba8504a10 code [0x000002eba8504ba0, 0x000002eba8504c68]
Event: 2355.055 Thread 0x000002ebb3f34540 13653       3       java.util.Optional::get (22 bytes)
Event: 2355.056 Thread 0x000002ebb3f34540 nmethod 13653 0x000002eba1f47010 code [0x000002eba1f471c0, 0x000002eba1f473e0]
Event: 2477.352 Thread 0x000002ebb3f34540 13654       3       sun.nio.ch.SelectorImpl::select (35 bytes)
Event: 2477.353 Thread 0x000002ebb3f34540 nmethod 13654 0x000002eba1f47510 code [0x000002eba1f476e0, 0x000002eba1f479a0]
Event: 2477.353 Thread 0x000002ebb3f34540 13655   !   3       sun.nio.ch.SelectorImpl::lockAndDoSelect (87 bytes)
Event: 2477.355 Thread 0x000002ebb3f34540 nmethod 13655 0x000002eba1f47a90 code [0x000002eba1f47cc0, 0x000002eba1f483a8]
Event: 2477.355 Thread 0x000002ebb3f34540 13656   !   3       sun.nio.ch.WEPollSelectorImpl::doSelect (132 bytes)
Event: 2477.359 Thread 0x000002ebb3f34540 nmethod 13656 0x000002eba1f48810 code [0x000002eba1f48ae0, 0x000002eba1f49658]
Event: 2477.359 Thread 0x000002ebb3f34540 13657   !   3       sun.nio.ch.WEPollSelectorImpl::processUpdateQueue (203 bytes)
Event: 2477.362 Thread 0x000002ebb3f34540 nmethod 13657 0x000002eba1f49c90 code [0x000002eba1f49f60, 0x000002eba1f4ad00]
Event: 2477.362 Thread 0x000002ebb3f34540 13658       3       sun.nio.ch.SelectorImpl::begin (9 bytes)
Event: 2477.363 Thread 0x000002ebb3f34540 nmethod 13658 0x000002eba1f4b390 code [0x000002eba1f4b540, 0x000002eba1f4b6a8]
Event: 2725.374 Thread 0x000002ebb3f34540 13659       3       org.eclipse.jdt.ls.core.internal.ParentProcessWatcher::run (83 bytes)
Event: 2725.385 Thread 0x000002ebb3f34540 nmethod 13659 0x000002eba1f4b790 code [0x000002eba1f4ba20, 0x000002eba1f4c478]
Event: 13662.733 Thread 0x000002ebb3f34540 13660       3       java.nio.channels.spi.AbstractSelector::begin (48 bytes)
Event: 13662.736 Thread 0x000002ebb3f34540 nmethod 13660 0x000002eba1f4c810 code [0x000002eba1f4ca00, 0x000002eba1f4cfd8]

GC Heap History (20 events):
Event: 1329.045 GC heap before
{Heap before GC invocations=258 (full 3):
 PSYoungGen      total 2048K, used 1632K [0x00000000d5580000, 0x00000000d5880000, 0x0000000100000000)
  eden space 1536K, 100% used [0x00000000d5580000,0x00000000d5700000,0x00000000d5700000)
  from space 512K, 18% used [0x00000000d5800000,0x00000000d5818000,0x00000000d5880000)
  to   space 512K, 0% used [0x00000000d5700000,0x00000000d5700000,0x00000000d5780000)
 ParOldGen       total 205824K, used 205753K [0x0000000080000000, 0x000000008c900000, 0x00000000d5580000)
  object space 205824K, 99% used [0x0000000080000000,0x000000008c8ee6e0,0x000000008c900000)
 Metaspace       used 78670K, committed 80256K, reserved 1179648K
  class space    used 8278K, committed 8960K, reserved 1048576K
}
Event: 1329.047 GC heap after
{Heap after GC invocations=258 (full 3):
 PSYoungGen      total 2048K, used 224K [0x00000000d5580000, 0x00000000d5880000, 0x0000000100000000)
  eden space 1536K, 0% used [0x00000000d5580000,0x00000000d5580000,0x00000000d5700000)
  from space 512K, 43% used [0x00000000d5700000,0x00000000d5738000,0x00000000d5780000)
  to   space 512K, 0% used [0x00000000d5800000,0x00000000d5800000,0x00000000d5880000)
 ParOldGen       total 205824K, used 205817K [0x0000000080000000, 0x000000008c900000, 0x00000000d5580000)
  object space 205824K, 99% used [0x0000000080000000,0x000000008c8fe6e0,0x000000008c900000)
 Metaspace       used 78670K, committed 80256K, reserved 1179648K
  class space    used 8278K, committed 8960K, reserved 1048576K
}
Event: 1329.752 GC heap before
{Heap before GC invocations=259 (full 3):
 PSYoungGen      total 2048K, used 1760K [0x00000000d5580000, 0x00000000d5880000, 0x0000000100000000)
  eden space 1536K, 100% used [0x00000000d5580000,0x00000000d5700000,0x00000000d5700000)
  from space 512K, 43% used [0x00000000d5700000,0x00000000d5738000,0x00000000d5780000)
  to   space 512K, 0% used [0x00000000d5800000,0x00000000d5800000,0x00000000d5880000)
 ParOldGen       total 205824K, used 205817K [0x0000000080000000, 0x000000008c900000, 0x00000000d5580000)
  object space 205824K, 99% used [0x0000000080000000,0x000000008c8fe6e0,0x000000008c900000)
 Metaspace       used 78724K, committed 80320K, reserved 1179648K
  class space    used 8279K, committed 8960K, reserved 1048576K
}
Event: 1329.756 GC heap after
{Heap after GC invocations=259 (full 3):
 PSYoungGen      total 2048K, used 192K [0x00000000d5580000, 0x00000000d5880000, 0x0000000100000000)
  eden space 1536K, 0% used [0x00000000d5580000,0x00000000d5580000,0x00000000d5700000)
  from space 512K, 37% used [0x00000000d5800000,0x00000000d5830018,0x00000000d5880000)
  to   space 512K, 0% used [0x00000000d5700000,0x00000000d5700000,0x00000000d5780000)
 ParOldGen       total 206336K, used 205969K [0x0000000080000000, 0x000000008c980000, 0x00000000d5580000)
  object space 206336K, 99% used [0x0000000080000000,0x000000008c9246e0,0x000000008c980000)
 Metaspace       used 78724K, committed 80320K, reserved 1179648K
  class space    used 8279K, committed 8960K, reserved 1048576K
}
Event: 1330.074 GC heap before
{Heap before GC invocations=260 (full 3):
 PSYoungGen      total 2048K, used 1728K [0x00000000d5580000, 0x00000000d5880000, 0x0000000100000000)
  eden space 1536K, 100% used [0x00000000d5580000,0x00000000d5700000,0x00000000d5700000)
  from space 512K, 37% used [0x00000000d5800000,0x00000000d5830018,0x00000000d5880000)
  to   space 512K, 0% used [0x00000000d5700000,0x00000000d5700000,0x00000000d5780000)
 ParOldGen       total 206336K, used 205969K [0x0000000080000000, 0x000000008c980000, 0x00000000d5580000)
  object space 206336K, 99% used [0x0000000080000000,0x000000008c9246e0,0x000000008c980000)
 Metaspace       used 79051K, committed 80640K, reserved 1179648K
  class space    used 8305K, committed 8960K, reserved 1048576K
}
Event: 1330.079 GC heap after
{Heap after GC invocations=260 (full 3):
 PSYoungGen      total 2048K, used 192K [0x00000000d5580000, 0x00000000d5880000, 0x0000000100000000)
  eden space 1536K, 0% used [0x00000000d5580000,0x00000000d5580000,0x00000000d5700000)
  from space 512K, 37% used [0x00000000d5700000,0x00000000d5730000,0x00000000d5780000)
  to   space 512K, 0% used [0x00000000d5800000,0x00000000d5800000,0x00000000d5880000)
 ParOldGen       total 206336K, used 206115K [0x0000000080000000, 0x000000008c980000, 0x00000000d5580000)
  object space 206336K, 99% used [0x0000000080000000,0x000000008c948c00,0x000000008c980000)
 Metaspace       used 79051K, committed 80640K, reserved 1179648K
  class space    used 8305K, committed 8960K, reserved 1048576K
}
Event: 1331.716 GC heap before
{Heap before GC invocations=261 (full 3):
 PSYoungGen      total 2048K, used 1726K [0x00000000d5580000, 0x00000000d5880000, 0x0000000100000000)
  eden space 1536K, 99% used [0x00000000d5580000,0x00000000d56ff800,0x00000000d5700000)
  from space 512K, 37% used [0x00000000d5700000,0x00000000d5730000,0x00000000d5780000)
  to   space 512K, 0% used [0x00000000d5800000,0x00000000d5800000,0x00000000d5880000)
 ParOldGen       total 206336K, used 206115K [0x0000000080000000, 0x000000008c980000, 0x00000000d5580000)
  object space 206336K, 99% used [0x0000000080000000,0x000000008c948c00,0x000000008c980000)
 Metaspace       used 79312K, committed 80960K, reserved 1179648K
  class space    used 8347K, committed 9024K, reserved 1048576K
}
Event: 1331.718 GC heap after
{Heap after GC invocations=261 (full 3):
 PSYoungGen      total 2048K, used 160K [0x00000000d5580000, 0x00000000d5880000, 0x0000000100000000)
  eden space 1536K, 0% used [0x00000000d5580000,0x00000000d5580000,0x00000000d5700000)
  from space 512K, 31% used [0x00000000d5800000,0x00000000d5828000,0x00000000d5880000)
  to   space 512K, 0% used [0x00000000d5700000,0x00000000d5700000,0x00000000d5780000)
 ParOldGen       total 206336K, used 206181K [0x0000000080000000, 0x000000008c980000, 0x00000000d5580000)
  object space 206336K, 99% used [0x0000000080000000,0x000000008c959630,0x000000008c980000)
 Metaspace       used 79312K, committed 80960K, reserved 1179648K
  class space    used 8347K, committed 9024K, reserved 1048576K
}
Event: 1331.781 GC heap before
{Heap before GC invocations=262 (full 3):
 PSYoungGen      total 2048K, used 1696K [0x00000000d5580000, 0x00000000d5880000, 0x0000000100000000)
  eden space 1536K, 100% used [0x00000000d5580000,0x00000000d5700000,0x00000000d5700000)
  from space 512K, 31% used [0x00000000d5800000,0x00000000d5828000,0x00000000d5880000)
  to   space 512K, 0% used [0x00000000d5700000,0x00000000d5700000,0x00000000d5780000)
 ParOldGen       total 206336K, used 206181K [0x0000000080000000, 0x000000008c980000, 0x00000000d5580000)
  object space 206336K, 99% used [0x0000000080000000,0x000000008c959630,0x000000008c980000)
 Metaspace       used 79594K, committed 81216K, reserved 1179648K
  class space    used 8381K, committed 9088K, reserved 1048576K
}
Event: 1331.783 GC heap after
{Heap after GC invocations=262 (full 3):
 PSYoungGen      total 2048K, used 128K [0x00000000d5580000, 0x00000000d5880000, 0x0000000100000000)
  eden space 1536K, 0% used [0x00000000d5580000,0x00000000d5580000,0x00000000d5700000)
  from space 512K, 25% used [0x00000000d5700000,0x00000000d5720000,0x00000000d5780000)
  to   space 512K, 0% used [0x00000000d5800000,0x00000000d5800000,0x00000000d5880000)
 ParOldGen       total 206336K, used 206281K [0x0000000080000000, 0x000000008c980000, 0x00000000d5580000)
  object space 206336K, 99% used [0x0000000080000000,0x000000008c972430,0x000000008c980000)
 Metaspace       used 79594K, committed 81216K, reserved 1179648K
  class space    used 8381K, committed 9088K, reserved 1048576K
}
Event: 1331.837 GC heap before
{Heap before GC invocations=263 (full 3):
 PSYoungGen      total 2048K, used 1664K [0x00000000d5580000, 0x00000000d5880000, 0x0000000100000000)
  eden space 1536K, 100% used [0x00000000d5580000,0x00000000d5700000,0x00000000d5700000)
  from space 512K, 25% used [0x00000000d5700000,0x00000000d5720000,0x00000000d5780000)
  to   space 512K, 0% used [0x00000000d5800000,0x00000000d5800000,0x00000000d5880000)
 ParOldGen       total 206336K, used 206281K [0x0000000080000000, 0x000000008c980000, 0x00000000d5580000)
  object space 206336K, 99% used [0x0000000080000000,0x000000008c972430,0x000000008c980000)
 Metaspace       used 79805K, committed 81408K, reserved 1179648K
  class space    used 8405K, committed 9088K, reserved 1048576K
}
Event: 1331.841 GC heap after
{Heap after GC invocations=263 (full 3):
 PSYoungGen      total 2048K, used 287K [0x00000000d5580000, 0x00000000d5880000, 0x0000000100000000)
  eden space 1536K, 0% used [0x00000000d5580000,0x00000000d5580000,0x00000000d5700000)
  from space 512K, 56% used [0x00000000d5800000,0x00000000d5847c48,0x00000000d5880000)
  to   space 512K, 0% used [0x00000000d5700000,0x00000000d5700000,0x00000000d5780000)
 ParOldGen       total 206336K, used 206321K [0x0000000080000000, 0x000000008c980000, 0x00000000d5580000)
  object space 206336K, 99% used [0x0000000080000000,0x000000008c97c430,0x000000008c980000)
 Metaspace       used 79805K, committed 81408K, reserved 1179648K
  class space    used 8405K, committed 9088K, reserved 1048576K
}
Event: 1331.878 GC heap before
{Heap before GC invocations=264 (full 3):
 PSYoungGen      total 2048K, used 1823K [0x00000000d5580000, 0x00000000d5880000, 0x0000000100000000)
  eden space 1536K, 100% used [0x00000000d5580000,0x00000000d5700000,0x00000000d5700000)
  from space 512K, 56% used [0x00000000d5800000,0x00000000d5847c48,0x00000000d5880000)
  to   space 512K, 0% used [0x00000000d5700000,0x00000000d5700000,0x00000000d5780000)
 ParOldGen       total 206336K, used 206321K [0x0000000080000000, 0x000000008c980000, 0x00000000d5580000)
  object space 206336K, 99% used [0x0000000080000000,0x000000008c97c430,0x000000008c980000)
 Metaspace       used 79951K, committed 81600K, reserved 1179648K
  class space    used 8442K, committed 9152K, reserved 1048576K
}
Event: 1331.880 GC heap after
{Heap after GC invocations=264 (full 3):
 PSYoungGen      total 2048K, used 128K [0x00000000d5580000, 0x00000000d5880000, 0x0000000100000000)
  eden space 1536K, 0% used [0x00000000d5580000,0x00000000d5580000,0x00000000d5700000)
  from space 512K, 25% used [0x00000000d5700000,0x00000000d5720000,0x00000000d5780000)
  to   space 512K, 0% used [0x00000000d5800000,0x00000000d5800000,0x00000000d5880000)
 ParOldGen       total 206848K, used 206577K [0x0000000080000000, 0x000000008ca00000, 0x00000000d5580000)
  object space 206848K, 99% used [0x0000000080000000,0x000000008c9bc598,0x000000008ca00000)
 Metaspace       used 79951K, committed 81600K, reserved 1179648K
  class space    used 8442K, committed 9152K, reserved 1048576K
}
Event: 1331.930 GC heap before
{Heap before GC invocations=265 (full 3):
 PSYoungGen      total 2048K, used 1664K [0x00000000d5580000, 0x00000000d5880000, 0x0000000100000000)
  eden space 1536K, 100% used [0x00000000d5580000,0x00000000d5700000,0x00000000d5700000)
  from space 512K, 25% used [0x00000000d5700000,0x00000000d5720000,0x00000000d5780000)
  to   space 512K, 0% used [0x00000000d5800000,0x00000000d5800000,0x00000000d5880000)
 ParOldGen       total 206848K, used 206577K [0x0000000080000000, 0x000000008ca00000, 0x00000000d5580000)
  object space 206848K, 99% used [0x0000000080000000,0x000000008c9bc598,0x000000008ca00000)
 Metaspace       used 80221K, committed 81856K, reserved 1179648K
  class space    used 8474K, committed 9152K, reserved 1048576K
}
Event: 1331.932 GC heap after
{Heap after GC invocations=265 (full 3):
 PSYoungGen      total 2048K, used 128K [0x00000000d5580000, 0x00000000d5880000, 0x0000000100000000)
  eden space 1536K, 0% used [0x00000000d5580000,0x00000000d5580000,0x00000000d5700000)
  from space 512K, 25% used [0x00000000d5800000,0x00000000d5820000,0x00000000d5880000)
  to   space 512K, 0% used [0x00000000d5700000,0x00000000d5700000,0x00000000d5780000)
 ParOldGen       total 206848K, used 206609K [0x0000000080000000, 0x000000008ca00000, 0x00000000d5580000)
  object space 206848K, 99% used [0x0000000080000000,0x000000008c9c4598,0x000000008ca00000)
 Metaspace       used 80221K, committed 81856K, reserved 1179648K
  class space    used 8474K, committed 9152K, reserved 1048576K
}
Event: 1331.972 GC heap before
{Heap before GC invocations=266 (full 3):
 PSYoungGen      total 2048K, used 1642K [0x00000000d5580000, 0x00000000d5880000, 0x0000000100000000)
  eden space 1536K, 98% used [0x00000000d5580000,0x00000000d56fab48,0x00000000d5700000)
  from space 512K, 25% used [0x00000000d5800000,0x00000000d5820000,0x00000000d5880000)
  to   space 512K, 0% used [0x00000000d5700000,0x00000000d5700000,0x00000000d5780000)
 ParOldGen       total 206848K, used 206609K [0x0000000080000000, 0x000000008ca00000, 0x00000000d5580000)
  object space 206848K, 99% used [0x0000000080000000,0x000000008c9c4598,0x000000008ca00000)
 Metaspace       used 80484K, committed 82112K, reserved 1179648K
  class space    used 8515K, committed 9216K, reserved 1048576K
}
Event: 1331.974 GC heap after
{Heap after GC invocations=266 (full 3):
 PSYoungGen      total 2048K, used 159K [0x00000000d5580000, 0x00000000d5880000, 0x0000000100000000)
  eden space 1536K, 0% used [0x00000000d5580000,0x00000000d5580000,0x00000000d5700000)
  from space 512K, 31% used [0x00000000d5700000,0x00000000d5727cc8,0x00000000d5780000)
  to   space 512K, 0% used [0x00000000d5800000,0x00000000d5800000,0x00000000d5880000)
 ParOldGen       total 206848K, used 206657K [0x0000000080000000, 0x000000008ca00000, 0x00000000d5580000)
  object space 206848K, 99% used [0x0000000080000000,0x000000008c9d0598,0x000000008ca00000)
 Metaspace       used 80484K, committed 82112K, reserved 1179648K
  class space    used 8515K, committed 9216K, reserved 1048576K
}
Event: 1332.020 GC heap before
{Heap before GC invocations=267 (full 3):
 PSYoungGen      total 2048K, used 1695K [0x00000000d5580000, 0x00000000d5880000, 0x0000000100000000)
  eden space 1536K, 100% used [0x00000000d5580000,0x00000000d5700000,0x00000000d5700000)
  from space 512K, 31% used [0x00000000d5700000,0x00000000d5727cc8,0x00000000d5780000)
  to   space 512K, 0% used [0x00000000d5800000,0x00000000d5800000,0x00000000d5880000)
 ParOldGen       total 206848K, used 206657K [0x0000000080000000, 0x000000008ca00000, 0x00000000d5580000)
  object space 206848K, 99% used [0x0000000080000000,0x000000008c9d0598,0x000000008ca00000)
 Metaspace       used 80996K, committed 82624K, reserved 1179648K
  class space    used 8568K, committed 9280K, reserved 1048576K
}
Event: 1332.021 GC heap after
{Heap after GC invocations=267 (full 3):
 PSYoungGen      total 2048K, used 128K [0x00000000d5580000, 0x00000000d5880000, 0x0000000100000000)
  eden space 1536K, 0% used [0x00000000d5580000,0x00000000d5580000,0x00000000d5700000)
  from space 512K, 25% used [0x00000000d5800000,0x00000000d5820000,0x00000000d5880000)
  to   space 512K, 0% used [0x00000000d5700000,0x00000000d5700000,0x00000000d5780000)
 ParOldGen       total 206848K, used 206697K [0x0000000080000000, 0x000000008ca00000, 0x00000000d5580000)
  object space 206848K, 99% used [0x0000000080000000,0x000000008c9da598,0x000000008ca00000)
 Metaspace       used 80996K, committed 82624K, reserved 1179648K
  class space    used 8568K, committed 9280K, reserved 1048576K
}

Dll operation events (12 events):
Event: 0.044 Loaded shared library c:\Users\faten\.vscode\extensions\redhat.java-1.52.0-win32-x64\jre\21.0.9-win32-x86_64\bin\java.dll
Event: 0.520 Loaded shared library c:\Users\faten\.vscode\extensions\redhat.java-1.52.0-win32-x64\jre\21.0.9-win32-x86_64\bin\zip.dll
Event: 0.614 Loaded shared library C:\Users\faten\.vscode\extensions\redhat.java-1.52.0-win32-x64\jre\21.0.9-win32-x86_64\bin\instrument.dll
Event: 0.650 Loaded shared library C:\Users\faten\.vscode\extensions\redhat.java-1.52.0-win32-x64\jre\21.0.9-win32-x86_64\bin\net.dll
Event: 1.757 Loaded shared library C:\Users\faten\.vscode\extensions\redhat.java-1.52.0-win32-x64\jre\21.0.9-win32-x86_64\bin\nio.dll
Event: 1.769 Loaded shared library C:\Users\faten\.vscode\extensions\redhat.java-1.52.0-win32-x64\jre\21.0.9-win32-x86_64\bin\zip.dll
Event: 1.927 Loaded shared library C:\Users\faten\.vscode\extensions\redhat.java-1.52.0-win32-x64\jre\21.0.9-win32-x86_64\bin\jimage.dll
Event: 2.430 Loaded shared library c:\Users\faten\.vscode\extensions\redhat.java-1.52.0-win32-x64\jre\21.0.9-win32-x86_64\bin\verify.dll
Event: 83.446 Loaded shared library C:\Users\faten\AppData\Roaming\Code\User\globalStorage\redhat.java\1.52.0\config_win\org.eclipse.equinox.launcher\org.eclipse.equinox.launcher.win32.win32.x86_64_1.2.1500.v20260121-1430\eclipse_11919.dll
Event: 148.531 Loaded shared library C:\Users\faten\AppData\Local\Temp\jna-97203586\jna1055632638280531154.dll
Event: 190.633 Loaded shared library C:\Users\faten\.vscode\extensions\redhat.java-1.52.0-win32-x64\jre\21.0.9-win32-x86_64\bin\sunmscapi.dll
Event: 1324.068 Loaded shared library C:\Users\faten\.vscode\extensions\redhat.java-1.52.0-win32-x64\jre\21.0.9-win32-x86_64\bin\extnet.dll

Deoptimization events (20 events):
Event: 1332.005 Thread 0x000002ebfdd51440 Uncommon trap: trap_request=0xffffff76 fr.pc=0x000002eba7ff713c relative=0x0000000000000f9c
Event: 1332.005 Thread 0x000002ebfdd51440 Uncommon trap: reason=predicate action=maybe_recompile pc=0x000002eba7ff713c method=java.util.regex.Pattern.compile()V @ 78 c2
Event: 1332.005 Thread 0x000002ebfdd51440 DEOPT PACKING pc=0x000002eba7ff713c sp=0x000000fa2fbfe980
Event: 1332.005 Thread 0x000002ebfdd51440 DEOPT UNPACKING pc=0x000002eba7623a9c sp=0x000000fa2fbfe940 mode 2
Event: 1332.005 Thread 0x000002ebfdd51440 Uncommon trap: trap_request=0xffffff45 fr.pc=0x000002eba7cb81e4 relative=0x00000000000000c4
Event: 1332.005 Thread 0x000002ebfdd51440 Uncommon trap: reason=unstable_if action=reinterpret pc=0x000002eba7cb81e4 method=java.lang.String.codePointAt(I)I @ 4 c2
Event: 1332.005 Thread 0x000002ebfdd51440 DEOPT PACKING pc=0x000002eba7cb81e4 sp=0x000000fa2fbfe940
Event: 1332.005 Thread 0x000002ebfdd51440 DEOPT UNPACKING pc=0x000002eba7623a9c sp=0x000000fa2fbfe8d8 mode 2
Event: 1332.060 Thread 0x000002ebfdd51440 Uncommon trap: trap_request=0xffffffd6 fr.pc=0x000002eba84c8db4 relative=0x0000000000000214
Event: 1332.060 Thread 0x000002ebfdd51440 Uncommon trap: reason=array_check action=maybe_recompile pc=0x000002eba84c8db4 method=java.util.HashMap.keysToArray([Ljava/lang/Object;)[Ljava/lang/Object; @ 62 c2
Event: 1332.060 Thread 0x000002ebfdd51440 DEOPT PACKING pc=0x000002eba84c8db4 sp=0x000000fa2fbfe9c0
Event: 1332.060 Thread 0x000002ebfdd51440 DEOPT UNPACKING pc=0x000002eba7623a9c sp=0x000000fa2fbfe938 mode 2
Event: 1332.060 Thread 0x000002ebfdd51440 Uncommon trap: trap_request=0xffffffd6 fr.pc=0x000002eba84c8db4 relative=0x0000000000000214
Event: 1332.060 Thread 0x000002ebfdd51440 Uncommon trap: reason=array_check action=maybe_recompile pc=0x000002eba84c8db4 method=java.util.HashMap.keysToArray([Ljava/lang/Object;)[Ljava/lang/Object; @ 62 c2
Event: 1332.060 Thread 0x000002ebfdd51440 DEOPT PACKING pc=0x000002eba84c8db4 sp=0x000000fa2fbfe990
Event: 1332.060 Thread 0x000002ebfdd51440 DEOPT UNPACKING pc=0x000002eba7623a9c sp=0x000000fa2fbfe908 mode 2
Event: 1337.333 Thread 0x000002ebfdd50720 Uncommon trap: trap_request=0xffffffc6 fr.pc=0x000002eba7d71c4c relative=0x00000000000004ec
Event: 1337.333 Thread 0x000002ebfdd50720 Uncommon trap: reason=bimorphic_or_optimized_type_check action=maybe_recompile pc=0x000002eba7d71c4c method=java.util.HashMap.removeNode(ILjava/lang/Object;Ljava/lang/Object;ZZ)Ljava/util/HashMap$Node; @ 283 c2
Event: 1337.333 Thread 0x000002ebfdd50720 DEOPT PACKING pc=0x000002eba7d71c4c sp=0x000000fa302fef00
Event: 1337.333 Thread 0x000002ebfdd50720 DEOPT UNPACKING pc=0x000002eba7623a9c sp=0x000000fa302fee08 mode 2

Classes loaded (20 events):
Event: 1327.145 Loading class sun/net/www/http/KeepAliveStreamCleaner$2
Event: 1327.145 Loading class sun/net/www/http/KeepAliveStreamCleaner$2 done
Event: 1327.145 Loading class sun/net/www/protocol/http/HttpURLConnection$HttpInputStream
Event: 1327.146 Loading class sun/net/www/protocol/http/HttpURLConnection$HttpInputStream done
Event: 1327.316 Loading class sun/net/www/http/KeepAliveCache$1
Event: 1327.316 Loading class sun/net/www/http/KeepAliveCache$1 done
Event: 1327.317 Loading class sun/net/www/http/KeepAliveCache$ClientVector
Event: 1327.318 Loading class sun/net/www/http/KeepAliveCache$ClientVector done
Event: 1327.336 Loading class sun/net/www/http/KeepAliveEntry
Event: 1327.337 Loading class sun/net/www/http/KeepAliveEntry done
Event: 1330.058 Loading class java/util/function/IntPredicate
Event: 1330.059 Loading class java/util/function/IntPredicate done
Event: 1330.175 Loading class java/util/regex/Pattern$Bound
Event: 1330.175 Loading class java/util/regex/Pattern$Bound done
Event: 1337.334 Loading class sun/security/ssl/Alert
Event: 1337.335 Loading class sun/security/ssl/Alert done
Event: 1337.336 Loading class sun/security/ssl/Alert$AlertConsumer
Event: 1337.337 Loading class sun/security/ssl/Alert$AlertConsumer done
Event: 1337.337 Loading class sun/security/ssl/Alert$Level
Event: 1337.338 Loading class sun/security/ssl/Alert$Level done

Classes unloaded (7 events):
Event: 150.552 Thread 0x000002eb9b5eea00 Unloading class 0x000002ebb51a9400 'java/lang/invoke/LambdaForm$MH+0x000002ebb51a9400'
Event: 150.552 Thread 0x000002eb9b5eea00 Unloading class 0x000002ebb51a9000 'java/lang/invoke/LambdaForm$MH+0x000002ebb51a9000'
Event: 150.552 Thread 0x000002eb9b5eea00 Unloading class 0x000002ebb51a8c00 'java/lang/invoke/LambdaForm$MH+0x000002ebb51a8c00'
Event: 150.552 Thread 0x000002eb9b5eea00 Unloading class 0x000002ebb51a8800 'java/lang/invoke/LambdaForm$MH+0x000002ebb51a8800'
Event: 150.553 Thread 0x000002eb9b5eea00 Unloading class 0x000002ebb51a8400 'java/lang/invoke/LambdaForm$BMH+0x000002ebb51a8400'
Event: 150.553 Thread 0x000002eb9b5eea00 Unloading class 0x000002ebb51a8000 'java/lang/invoke/LambdaForm$DMH+0x000002ebb51a8000'
Event: 150.553 Thread 0x000002eb9b5eea00 Unloading class 0x000002ebb51a6c00 'java/lang/invoke/LambdaForm$DMH+0x000002ebb51a6c00'

Classes redefined (0 events):
No events

Internal exceptions (20 events):
Event: 1299.539 Thread 0x000002ebfdd4e650 Exception <a 'java/lang/ArrayIndexOutOfBoundsException'{0x00000000d56edb48}: Index 149 out of bounds for length 148> (0x00000000d56edb48) 
thrown [s\src\hotspot\share\interpreter\interpreterRuntime.cpp, line 439]
Event: 1319.627 Thread 0x000002ebfba92fe0 Exception <a 'java/lang/IncompatibleClassChangeError'{0x00000000d5688c38}: Found class java.lang.Object, but interface was expected> (0x00000000d5688c38) 
thrown [s\src\hotspot\share\interpreter\linkResolver.cpp, line 840]
Event: 1322.423 Thread 0x000002ebfba92fe0 Exception <a 'java/lang/IncompatibleClassChangeError'{0x00000000d55da968}: Found class java.lang.Object, but interface was expected> (0x00000000d55da968) 
thrown [s\src\hotspot\share\interpreter\linkResolver.cpp, line 840]
Event: 1322.498 Thread 0x000002ebfdd4ece0 Exception <a 'java/lang/NoSuchMethodError'{0x00000000d564f770}: 'java.lang.Object java.lang.invoke.DirectMethodHandle$Holder.invokeSpecial(java.lang.Object, java.lang.Object, java.lang.Object, int, int)'> (0x00000000d564f770) 
thrown [s\src\hotspot\share\interpreter\linkResolver.cpp, line 773]
Event: 1322.499 Thread 0x000002ebfdd4ece0 Exception <a 'java/lang/NoSuchMethodError'{0x00000000d5653278}: 'java.lang.Object java.lang.invoke.Invokers$Holder.linkToTargetMethod(java.lang.Object, int, int, java.lang.Object)'> (0x00000000d5653278) 
thrown [s\src\hotspot\share\interpreter\linkResolver.cpp, line 773]
Event: 1322.673 Thread 0x000002ebfdd4e650 Exception <a 'java/lang/NoSuchMethodError'{0x00000000d56bfdf8}: 'java.lang.Object java.lang.invoke.DirectMethodHandle$Holder.invokeStaticInit(java.lang.Object, java.lang.Object, int)'> (0x00000000d56bfdf8) 
thrown [s\src\hotspot\share\interpreter\linkResolver.cpp, line 773]
Event: 1323.263 Thread 0x000002ebfdd4ece0 Exception <a 'java/lang/NoSuchMethodError'{0x00000000d55b2758}: 'int java.lang.invoke.DirectMethodHandle$Holder.invokeSpecial(java.lang.Object, java.lang.Object, java.lang.Object, java.lang.Object, java.lang.Object)'> (0x00000000d55b2758) 
thrown [s\src\hotspot\share\interpreter\linkResolver.cpp, line 773]
Event: 1324.072 Thread 0x000002ebfdd51440 Implicit null exception at 0x000002eba7fc01ab to 0x000002eba7fc0ea8
Event: 1324.167 Thread 0x000002ebfdd4e650 Exception <a 'java/lang/NoSuchMethodError'{0x00000000d5652d58}: 'void java.lang.invoke.DirectMethodHandle$Holder.invokeStatic(java.lang.Object, java.lang.Object, java.lang.Object, java.lang.Object, java.lang.Object, java.lang.Object, java.lang.Object)'> (0x00000000d5652d58) 
thrown [s\src\hotspot\share\interpreter\linkResolver.cpp, line 773]
Event: 1324.687 Thread 0x000002ebfdd4ece0 Implicit null exception at 0x000002eba83606f3 to 0x000002eba8360e70
Event: 1324.687 Thread 0x000002ebfdd4ece0 Implicit null exception at 0x000002eba83313ee to 0x000002eba8331b18
Event: 1324.689 Thread 0x000002ebfdd4ece0 Implicit null exception at 0x000002eba82230a5 to 0x000002eba8223428
Event: 1330.069 Thread 0x000002ebfdd51440 Exception <a 'java/lang/NoSuchMethodError'{0x00000000d56f0da0}: 'int java.lang.invoke.DirectMethodHandle$Holder.invokeStaticInit(java.lang.Object, int)'> (0x00000000d56f0da0) 
thrown [s\src\hotspot\share\interpreter\linkResolver.cpp, line 773]
Event: 1332.051 Thread 0x000002ebfdd51440 Exception <a 'java/lang/NoSuchMethodError'{0x00000000d5650328}: 'int java.lang.invoke.DirectMethodHandle$Holder.invokeSpecialIFC(java.lang.Object, java.lang.Object, int)'> (0x00000000d5650328) 
thrown [s\src\hotspot\share\interpreter\linkResolver.cpp, line 773]
Event: 1332.061 Thread 0x000002ebfdd51440 Exception <a 'sun/nio/fs/WindowsException'{0x00000000d566d508}> (0x00000000d566d508) 
thrown [s\src\hotspot\share\prims\jni.cpp, line 520]
Event: 1332.062 Thread 0x000002ebfdd51440 Exception <a 'sun/nio/fs/WindowsException'{0x00000000d566dd58}> (0x00000000d566dd58) 
thrown [s\src\hotspot\share\prims\jni.cpp, line 520]
Event: 1332.063 Thread 0x000002ebfdd51440 Exception <a 'sun/nio/fs/WindowsException'{0x00000000d566ef28}> (0x00000000d566ef28) 
thrown [s\src\hotspot\share\prims\jni.cpp, line 520]
Event: 1332.063 Thread 0x000002ebfdd51440 Exception <a 'sun/nio/fs/WindowsException'{0x00000000d566f638}> (0x00000000d566f638) 
thrown [s\src\hotspot\share\prims\jni.cpp, line 520]
Event: 1332.064 Thread 0x000002ebfdd51440 Exception <a 'sun/nio/fs/WindowsException'{0x00000000d5670808}> (0x00000000d5670808) 
thrown [s\src\hotspot\share\prims\jni.cpp, line 520]
Event: 1332.064 Thread 0x000002ebfdd51440 Exception <a 'sun/nio/fs/WindowsException'{0x00000000d5671058}> (0x00000000d5671058) 
thrown [s\src\hotspot\share\prims\jni.cpp, line 520]

ZGC Phase Switch (0 events):
No events

VM Operations (20 events):
Event: 1685.330 Executing VM operation: HandshakeAllThreads (HandshakeForDeflation)
Event: 1685.330 Executing VM operation: HandshakeAllThreads (HandshakeForDeflation) done
Event: 1685.330 Executing VM operation: RendezvousGCThreads
Event: 1685.330 Executing VM operation: RendezvousGCThreads done
Event: 1865.599 Executing VM operation: HandshakeAllThreads (HandshakeForDeflation)
Event: 1865.599 Executing VM operation: HandshakeAllThreads (HandshakeForDeflation) done
Event: 1865.599 Executing VM operation: RendezvousGCThreads
Event: 1865.599 Executing VM operation: RendezvousGCThreads done
Event: 2045.732 Executing VM operation: HandshakeAllThreads (HandshakeForDeflation)
Event: 2045.732 Executing VM operation: HandshakeAllThreads (HandshakeForDeflation) done
Event: 2045.732 Executing VM operation: RendezvousGCThreads
Event: 2045.732 Executing VM operation: RendezvousGCThreads done
Event: 2526.885 Executing VM operation: HandshakeAllThreads (HandshakeForDeflation)
Event: 2526.885 Executing VM operation: HandshakeAllThreads (HandshakeForDeflation) done
Event: 2526.886 Executing VM operation: RendezvousGCThreads
Event: 2526.886 Executing VM operation: RendezvousGCThreads done
Event: 2827.499 Executing VM operation: HandshakeAllThreads (HandshakeForDeflation)
Event: 2827.499 Executing VM operation: HandshakeAllThreads (HandshakeForDeflation) done
Event: 2827.499 Executing VM operation: RendezvousGCThreads
Event: 2827.499 Executing VM operation: RendezvousGCThreads done

Memory protections (0 events):
No events

Nmethod flushes (20 events):
Event: 187.772 Thread 0x000002eb9b5eea00 flushing  nmethod 0x000002eba0a35710
Event: 187.772 Thread 0x000002eb9b5eea00 flushing  nmethod 0x000002eba0a35b10
Event: 187.772 Thread 0x000002eb9b5eea00 flushing  nmethod 0x000002eba0a3ca10
Event: 187.772 Thread 0x000002eb9b5eea00 flushing  nmethod 0x000002eba0a3d910
Event: 187.772 Thread 0x000002eb9b5eea00 flushing  nmethod 0x000002eba0a3e310
Event: 187.772 Thread 0x000002eb9b5eea00 flushing  nmethod 0x000002eba0a3ea90
Event: 187.772 Thread 0x000002eb9b5eea00 flushing  nmethod 0x000002eba0a40010
Event: 187.772 Thread 0x000002eb9b5eea00 flushing  nmethod 0x000002eba0a40e90
Event: 187.772 Thread 0x000002eb9b5eea00 flushing  nmethod 0x000002eba0a58c90
Event: 187.772 Thread 0x000002eb9b5eea00 flushing osr nmethod 0x000002eba0aa9490
Event: 187.772 Thread 0x000002eb9b5eea00 flushing  nmethod 0x000002eba0ab6d10
Event: 187.772 Thread 0x000002eb9b5eea00 flushing  nmethod 0x000002eba0ab7d90
Event: 187.772 Thread 0x000002eb9b5eea00 flushing  nmethod 0x000002eba0ab9b10
Event: 187.772 Thread 0x000002eb9b5eea00 flushing  nmethod 0x000002eba0ac6190
Event: 187.772 Thread 0x000002eb9b5eea00 flushing  nmethod 0x000002eba0acac10
Event: 187.772 Thread 0x000002eb9b5eea00 flushing  nmethod 0x000002eba0ad1f90
Event: 187.772 Thread 0x000002eb9b5eea00 flushing  nmethod 0x000002eba0ae3490
Event: 187.772 Thread 0x000002eb9b5eea00 flushing  nmethod 0x000002eba0ae6c90
Event: 187.772 Thread 0x000002eb9b5eea00 flushing  nmethod 0x000002eba0b14690
Event: 187.772 Thread 0x000002eb9b5eea00 flushing  nmethod 0x000002eba0b5f610

Events (20 events):
Event: 1200.042 Thread 0x000002ebfade97d0 Thread exited: 0x000002ebfade97d0
Event: 1200.788 Thread 0x000002ebb3eb9780 Thread added: 0x000002ebfa31b0d0
Event: 1203.644 Thread 0x000002ebfa31b0d0 Thread exited: 0x000002ebfa31b0d0
Event: 1264.743 Thread 0x000002ebb3eb9780 Thread added: 0x000002ebfa31b0d0
Event: 1267.613 Thread 0x000002ebfa31b0d0 Thread exited: 0x000002ebfa31b0d0
Event: 1267.676 Thread 0x000002ebb3f34540 Thread added: 0x000002ebfa31b0d0
Event: 1272.784 Thread 0x000002ebfa31b0d0 Thread exited: 0x000002ebfa31b0d0
Event: 1278.108 Thread 0x000002ebfdd50720 Thread exited: 0x000002ebfdd50720
Event: 1321.918 Thread 0x000002ebb3f34540 Thread added: 0x000002ebfa31b0d0
Event: 1324.135 Thread 0x000002ebfdd4e650 Thread added: 0x000002ebfdd53ba0
Event: 1326.925 Thread 0x000002ebfdd51440 Thread added: 0x000002ebfdd50720
Event: 1326.947 Thread 0x000002ebfdd50720 Thread exited: 0x000002ebfdd50720
Event: 1327.317 Thread 0x000002ebfdd51440 Thread added: 0x000002ebfdd50720
Event: 1327.963 Thread 0x000002ebfa31b0d0 Thread exited: 0x000002ebfa31b0d0
Event: 1328.065 Thread 0x000002ebb3f34540 Thread added: 0x000002ebfa31b0d0
Event: 1331.055 Thread 0x000002ebfa31b0d0 Thread exited: 0x000002ebfa31b0d0
Event: 1342.344 Thread 0x000002ebfdd50720 Thread exited: 0x000002ebfdd50720
Event: 1396.774 Thread 0x000002ebfdd51440 Thread exited: 0x000002ebfdd51440
Event: 1456.778 Thread 0x000002ebfdd4ece0 Thread exited: 0x000002ebfdd4ece0
Event: 1516.780 Thread 0x000002ebfdd4e650 Thread exited: 0x000002ebfdd4e650


Dynamic libraries:
0x00007ff6e3410000 - 0x00007ff6e341e000 	c:\Users\faten\.vscode\extensions\redhat.java-1.52.0-win32-x64\jre\21.0.9-win32-x86_64\bin\java.exe
0x00007ffa9f740000 - 0x00007ffa9f9a8000 	C:\WINDOWS\SYSTEM32\ntdll.dll
0x00007ffa9e710000 - 0x00007ffa9e7d9000 	C:\WINDOWS\System32\KERNEL32.DLL
0x00007ffa9ced0000 - 0x00007ffa9d2c1000 	C:\WINDOWS\System32\KERNELBASE.dll
0x00007ffa9d390000 - 0x00007ffa9d4db000 	C:\WINDOWS\System32\ucrtbase.dll
0x00007ffa86190000 - 0x00007ffa861a8000 	c:\Users\faten\.vscode\extensions\redhat.java-1.52.0-win32-x64\jre\21.0.9-win32-x86_64\bin\jli.dll
0x00007ffa9d870000 - 0x00007ffa9da36000 	C:\WINDOWS\System32\USER32.dll
0x00007ffa9c250000 - 0x00007ffa9c277000 	C:\WINDOWS\System32\win32u.dll
0x00007ffa9d6c0000 - 0x00007ffa9d6eb000 	C:\WINDOWS\System32\GDI32.dll
0x00007ffa9c280000 - 0x00007ffa9c3ab000 	C:\WINDOWS\System32\gdi32full.dll
0x00007ffa9cd90000 - 0x00007ffa9ce33000 	C:\WINDOWS\System32\msvcp_win.dll
0x00007ffa86270000 - 0x00007ffa8628e000 	c:\Users\faten\.vscode\extensions\redhat.java-1.52.0-win32-x64\jre\21.0.9-win32-x86_64\bin\VCRUNTIME140.dll
0x00007ffa7aef0000 - 0x00007ffa7b183000 	C:\WINDOWS\WinSxS\amd64_microsoft.windows.common-controls_6595b64144ccf1df_6.0.26100.7705_none_3e06597ae3363b04\COMCTL32.dll
0x00007ffa9de80000 - 0x00007ffa9df29000 	C:\WINDOWS\System32\msvcrt.dll
0x00007ffa9df70000 - 0x00007ffa9dfa1000 	C:\WINDOWS\System32\IMM32.DLL
0x00007ffa86dd0000 - 0x00007ffa86ddc000 	c:\Users\faten\.vscode\extensions\redhat.java-1.52.0-win32-x64\jre\21.0.9-win32-x86_64\bin\vcruntime140_1.dll
0x00007ffa84670000 - 0x00007ffa846fd000 	c:\Users\faten\.vscode\extensions\redhat.java-1.52.0-win32-x64\jre\21.0.9-win32-x86_64\bin\msvcp140.dll
0x00007ffa53aa0000 - 0x00007ffa54840000 	c:\Users\faten\.vscode\extensions\redhat.java-1.52.0-win32-x64\jre\21.0.9-win32-x86_64\bin\server\jvm.dll
0x00007ffa9ddc0000 - 0x00007ffa9de74000 	C:\WINDOWS\System32\ADVAPI32.dll
0x00007ffa9eca0000 - 0x00007ffa9ed46000 	C:\WINDOWS\System32\sechost.dll
0x00007ffa9e7e0000 - 0x00007ffa9e8f8000 	C:\WINDOWS\System32\RPCRT4.dll
0x00007ffa9d6f0000 - 0x00007ffa9d764000 	C:\WINDOWS\System32\WS2_32.dll
0x00007ffa9be80000 - 0x00007ffa9bede000 	C:\WINDOWS\SYSTEM32\POWRPROF.dll
0x00007ffa80680000 - 0x00007ffa806b5000 	C:\WINDOWS\SYSTEM32\WINMM.dll
0x00007ffa8f6b0000 - 0x00007ffa8f6bb000 	C:\WINDOWS\SYSTEM32\VERSION.dll
0x00007ffa9be60000 - 0x00007ffa9be74000 	C:\WINDOWS\SYSTEM32\UMPDC.dll
0x00007ffa9add0000 - 0x00007ffa9adeb000 	C:\WINDOWS\SYSTEM32\kernel.appcore.dll
0x00007ffa86ae0000 - 0x00007ffa86aea000 	c:\Users\faten\.vscode\extensions\redhat.java-1.52.0-win32-x64\jre\21.0.9-win32-x86_64\bin\jimage.dll
0x00007ffa9a0b0000 - 0x00007ffa9a2f2000 	C:\WINDOWS\SYSTEM32\DBGHELP.DLL
0x00007ffa9e910000 - 0x00007ffa9ec96000 	C:\WINDOWS\System32\combase.dll
0x00007ffa9ed50000 - 0x00007ffa9ee27000 	C:\WINDOWS\System32\OLEAUT32.dll
0x00007ffa77920000 - 0x00007ffa7795b000 	C:\WINDOWS\SYSTEM32\dbgcore.DLL
0x00007ffa9c1a0000 - 0x00007ffa9c245000 	C:\WINDOWS\System32\bcryptPrimitives.dll
0x00007ffa86550000 - 0x00007ffa8655f000 	c:\Users\faten\.vscode\extensions\redhat.java-1.52.0-win32-x64\jre\21.0.9-win32-x86_64\bin\instrument.dll
0x00007ffa84530000 - 0x00007ffa84550000 	c:\Users\faten\.vscode\extensions\redhat.java-1.52.0-win32-x64\jre\21.0.9-win32-x86_64\bin\java.dll
0x00007ffa9dfb0000 - 0x00007ffa9e701000 	C:\WINDOWS\System32\SHELL32.dll
0x00007ffa9cc20000 - 0x00007ffa9cd8a000 	C:\WINDOWS\System32\wintypes.dll
0x00007ffa9c3b0000 - 0x00007ffa9cc12000 	C:\WINDOWS\System32\windows.storage.dll
0x00007ffa9dcc0000 - 0x00007ffa9ddb6000 	C:\WINDOWS\System32\SHCORE.dll
0x00007ffa9f420000 - 0x00007ffa9f487000 	C:\WINDOWS\System32\shlwapi.dll
0x00007ffa9bf40000 - 0x00007ffa9bf69000 	C:\WINDOWS\SYSTEM32\profapi.dll
0x00007ffa84180000 - 0x00007ffa84198000 	c:\Users\faten\.vscode\extensions\redhat.java-1.52.0-win32-x64\jre\21.0.9-win32-x86_64\bin\zip.dll
0x00007ffa86180000 - 0x00007ffa86190000 	C:\Users\faten\.vscode\extensions\redhat.java-1.52.0-win32-x64\jre\21.0.9-win32-x86_64\bin\net.dll
0x00007ffa84ee0000 - 0x00007ffa85007000 	C:\WINDOWS\SYSTEM32\WINHTTP.dll
0x00007ffa9b340000 - 0x00007ffa9b3ab000 	C:\WINDOWS\system32\mswsock.dll
0x00007ffa84130000 - 0x00007ffa84146000 	C:\Users\faten\.vscode\extensions\redhat.java-1.52.0-win32-x64\jre\21.0.9-win32-x86_64\bin\nio.dll
0x00007ffa86150000 - 0x00007ffa86160000 	c:\Users\faten\.vscode\extensions\redhat.java-1.52.0-win32-x64\jre\21.0.9-win32-x86_64\bin\verify.dll
0x00007ffa61a10000 - 0x00007ffa61a55000 	C:\Users\faten\AppData\Roaming\Code\User\globalStorage\redhat.java\1.52.0\config_win\org.eclipse.equinox.launcher\org.eclipse.equinox.launcher.win32.win32.x86_64_1.2.1500.v20260121-1430\eclipse_11919.dll
0x00007ffa9db20000 - 0x00007ffa9dcb7000 	C:\WINDOWS\System32\ole32.dll
0x00007ffa9b600000 - 0x00007ffa9b61b000 	C:\WINDOWS\SYSTEM32\CRYPTSP.dll
0x00007ffa9ad30000 - 0x00007ffa9ad69000 	C:\WINDOWS\system32\rsaenh.dll
0x00007ffa9b3f0000 - 0x00007ffa9b41b000 	C:\WINDOWS\SYSTEM32\USERENV.dll
0x00007ffa9bf10000 - 0x00007ffa9bf3a000 	C:\WINDOWS\SYSTEM32\bcrypt.dll
0x00007ffa9b620000 - 0x00007ffa9b62c000 	C:\WINDOWS\SYSTEM32\CRYPTBASE.dll
0x00007ffa9a850000 - 0x00007ffa9a884000 	C:\WINDOWS\SYSTEM32\IPHLPAPI.DLL
0x00007ffa9f490000 - 0x00007ffa9f49a000 	C:\WINDOWS\System32\NSI.dll
0x00007ffa61ba0000 - 0x00007ffa61be9000 	C:\Users\faten\AppData\Local\Temp\jna-97203586\jna1055632638280531154.dll
0x00007ffa9df60000 - 0x00007ffa9df68000 	C:\WINDOWS\System32\PSAPI.DLL
0x00007ffa84eb0000 - 0x00007ffa84ece000 	C:\WINDOWS\SYSTEM32\dhcpcsvc6.DLL
0x00007ffa84e80000 - 0x00007ffa84ea3000 	C:\WINDOWS\SYSTEM32\dhcpcsvc.DLL
0x00007ffa881c0000 - 0x00007ffa881ce000 	C:\Users\faten\.vscode\extensions\redhat.java-1.52.0-win32-x64\jre\21.0.9-win32-x86_64\bin\sunmscapi.dll
0x00007ffa9c020000 - 0x00007ffa9c197000 	C:\WINDOWS\System32\CRYPT32.dll
0x00007ffa9b820000 - 0x00007ffa9b850000 	C:\WINDOWS\SYSTEM32\ncrypt.dll
0x00007ffa9b7d0000 - 0x00007ffa9b80f000 	C:\WINDOWS\SYSTEM32\NTASN1.dll
0x00007ffa65c10000 - 0x00007ffa65c18000 	C:\WINDOWS\system32\wshunix.dll
0x00007ffa8f170000 - 0x00007ffa8f179000 	C:\Users\faten\.vscode\extensions\redhat.java-1.52.0-win32-x64\jre\21.0.9-win32-x86_64\bin\extnet.dll
0x00007ffa9a940000 - 0x00007ffa9aa6c000 	C:\WINDOWS\SYSTEM32\DNSAPI.dll
0x0000000072140000 - 0x0000000072175000 	C:\Program Files\Bonjour\mdnsNSP.dll
0x00007ffa7da10000 - 0x00007ffa7da1b000 	C:\Windows\System32\rasadhlp.dll
0x00007ffa83b40000 - 0x00007ffa83bc6000 	C:\WINDOWS\System32\fwpuclnt.dll

JVMTI agents:
c:\Users\faten\.vscode\extensions\redhat.java-1.52.0-win32-x64\lombok\lombok-1.18.39-4050.jar path:c:\Users\faten\.vscode\extensions\redhat.java-1.52.0-win32-x64\jre\21.0.9-win32-x86_64\bin\instrument.dll, loaded, initialized, instrumentlib options:none

dbghelp: loaded successfully - version: 4.0.5 - missing functions: none
symbol engine: initialized successfully - sym options: 0x614 - pdb path: .;c:\Users\faten\.vscode\extensions\redhat.java-1.52.0-win32-x64\jre\21.0.9-win32-x86_64\bin;C:\WINDOWS\SYSTEM32;C:\WINDOWS\WinSxS\amd64_microsoft.windows.common-controls_6595b64144ccf1df_6.0.26100.7705_none_3e06597ae3363b04;c:\Users\faten\.vscode\extensions\redhat.java-1.52.0-win32-x64\jre\21.0.9-win32-x86_64\bin\server;C:\Users\faten\AppData\Roaming\Code\User\globalStorage\redhat.java\1.52.0\config_win\org.eclipse.equinox.launcher\org.eclipse.equinox.launcher.win32.win32.x86_64_1.2.1500.v20260121-1430;C:\Users\faten\AppData\Local\Temp\jna-97203586;C:\Program Files\Bonjour

VM Arguments:
jvm_args: --add-modules=ALL-SYSTEM --add-opens=java.base/java.util=ALL-UNNAMED --add-opens=java.base/java.lang=ALL-UNNAMED --add-opens=java.base/sun.nio.fs=ALL-UNNAMED -Declipse.application=org.eclipse.jdt.ls.core.id1 -Dosgi.bundles.defaultStartLevel=4 -Declipse.product=org.eclipse.jdt.ls.core.product -Djava.import.generatesMetadataFilesAtProjectRoot=false -DDetectVMInstallationsJob.disabled=true -Dfile.encoding=utf8 -XX:+UseParallelGC -XX:GCTimeRatio=4 -XX:AdaptiveSizePolicyWeight=90 -Dsun.zip.disableMemoryMapping=true -Xmx2G -Xms100m -Xlog:disable -javaagent:c:\Users\faten\.vscode\extensions\redhat.java-1.52.0-win32-x64\lombok\lombok-1.18.39-4050.jar -XX:+HeapDumpOnOutOfMemoryError -XX:HeapDumpPath=c:\Users\faten\AppData\Roaming\Code\User\workspaceStorage\9c9616e61aa4d3922fab3da3c2e1cb49\redhat.java -Daether.dependencyCollector.impl=bf 
java_command: c:\Users\faten\.vscode\extensions\redhat.java-1.52.0-win32-x64\server\plugins\org.eclipse.equinox.launcher_1.7.100.v20251111-0406.jar -configuration c:\Users\faten\AppData\Roaming\Code\User\globalStorage\redhat.java\1.52.0\config_win -data c:\Users\faten\AppData\Roaming\Code\User\workspaceStorage\9c9616e61aa4d3922fab3da3c2e1cb49\redhat.java\jdt_ws --pipe=\\.\pipe\lsp-cf77275475052b40e7ab4579f020681f-sock
java_class_path (initial): c:\Users\faten\.vscode\extensions\redhat.java-1.52.0-win32-x64\server\plugins\org.eclipse.equinox.launcher_1.7.100.v20251111-0406.jar
Launcher Type: SUN_STANDARD

[Global flags]
    uintx AdaptiveSizePolicyWeight                 = 90                                        {product} {command line}
     intx CICompilerCount                          = 3                                         {product} {ergonomic}
    uintx GCTimeRatio                              = 4                                         {product} {command line}
     bool HeapDumpOnOutOfMemoryError               = true                                   {manageable} {command line}
    ccstr HeapDumpPath                             = c:\Users\faten\AppData\Roaming\Code\User\workspaceStorage\9c9616e61aa4d3922fab3da3c2e1cb49\redhat.java         {manageable} {command line}
   size_t InitialHeapSize                          = 104857600                                 {product} {command line}
   size_t MaxHeapSize                              = 2147483648                                {product} {command line}
   size_t MaxNewSize                               = 715653120                                 {product} {ergonomic}
   size_t MinHeapDeltaBytes                        = 524288                                    {product} {ergonomic}
   size_t MinHeapSize                              = 104857600                                 {product} {command line}
   size_t NewSize                                  = 34603008                                  {product} {ergonomic}
    uintx NonNMethodCodeHeapSize                   = 5832780                                {pd product} {ergonomic}
    uintx NonProfiledCodeHeapSize                  = 122912730                              {pd product} {ergonomic}
   size_t OldSize                                  = 70254592                                  {product} {ergonomic}
    uintx ProfiledCodeHeapSize                     = 122912730                              {pd product} {ergonomic}
    uintx ReservedCodeCacheSize                    = 251658240                              {pd product} {ergonomic}
     bool SegmentedCodeCache                       = true                                      {product} {ergonomic}
   size_t SoftMaxHeapSize                          = 2147483648                             {manageable} {ergonomic}
     bool UseCompressedOops                        = true                           {product lp64_product} {ergonomic}
     bool UseLargePagesIndividualAllocation        = false                                  {pd product} {ergonomic}
     bool UseParallelGC                            = true                                      {product} {command line}

Logging:
Log output configuration:
 #0: stdout all=off uptime,level,tags foldmultilines=false
 #1: stderr all=off uptime,level,tags foldmultilines=false

Release file:
JAVA_VERSION="21.0.9" 
MODULES="java.base java.compiler java.datatransfer java.xml java.prefs java.desktop java.instrument java.logging java.management java.security.sasl java.naming java.rmi java.management.rmi java.net.http java.scripting java.security.jgss java.transaction.xa java.sql java.sql.rowset java.xml.crypto java.se java.smartcardio jdk.accessibility jdk.internal.jvmstat jdk.attach jdk.charsets jdk.internal.opt jdk.zipfs jdk.compiler jdk.crypto.ec jdk.crypto.cryptoki jdk.crypto.mscapi jdk.dynalink jdk.internal.ed jdk.editpad jdk.hotspot.agent jdk.httpserver jdk.internal.le jdk.internal.vm.ci jdk.internal.vm.compiler jdk.internal.vm.compiler.management jdk.jartool jdk.javadoc jdk.jcmd jdk.management jdk.management.agent jdk.jconsole jdk.jdeps jdk.jdwp.agent jdk.jdi jdk.jfr jdk.jshell jdk.jsobject jdk.jstatd jdk.localedata jdk.management.jfr jdk.naming.dns jdk.naming.rmi jdk.net jdk.nio.mapmode jdk.random jdk.sctp jdk.security.auth jdk.security.jgss jdk.unsupported jdk.unsupported.desktop jdk.xml.dom" 

Environment Variables:
PATH=C:\Program Files\Eclipse Adoptium\jdk-25.0.1.8-hotspot\bin;C:\WINDOWS\system32;C:\WINDOWS;C:\WINDOWS\System32\Wbem;C:\WINDOWS\System32\WindowsPowerShell\v1.0\;C:\WINDOWS\System32\OpenSSH\;C:\Program Files (x86)\dotnet\;C:\Program Files\cursor\resources\app\bin;C:\Program Files\Docker\Docker\resources\bin;C:\Program Files\Git\cmd;C:\Program Files\Git\mingw64\bin;C:\Program Files\Git\usr\bin;C:\Program Files\nodejs\;C:\Program Files\Eclipse Adoptium\jdk-25.0.1.8-hotspot\bin;C:\WINDOWS\system32;C:\WINDOWS;C:\WINDOWS\System32\Wbem;C:\WINDOWS\System32\WindowsPowerShell\v1.0\;C:\WINDOWS\System32\OpenSSH\;C:\Program Files (x86)\dotnet\;C:\Program Files\cursor\resources\app\bin;C:\Program Files\Docker\Docker\resources\bin;C:\Program Files\Git\cmd;C:\Program Files\Git\mingw64\bin;C:\Program Files\Git\usr\bin;C:\Program Files\nodejs\;C:\Program Files\Eclipse Adoptium\jdk-25.0.1.8-hotspot\bin;C:\WINDOWS\system32;C:\WINDOWS;C:\WINDOWS\System32\Wbem;C:\WINDOWS\System32\WindowsPowerShell\v1.0\;C:\WINDOWS\System32\OpenSSH\;C:\Program Files (x86)\dotnet\;C:\Program Files\cursor\resources\app\bin;C:\Program Files\Docker\Docker\resources\bin;C:\Program Files\Git\cmd;C:\Program Files\Git\mingw64\bin;C:\Program Files\Git\usr\bin;C:\Program Files\nodejs\;C:\Users\faten\AppData\Local\Programs\Python\Python313\Scripts\;C:\Users\faten\AppData\Local\Programs\Python\Python313\;C:\Users\faten\AppData\Local\Programs\Python\Launcher\;C:\Users\fate;C:\Users\faten\AppData\Local\Programs\Microsoft VS Code\bin;C:\Program Files\Apache\Maven\apache-maven-3.9.12\bin;
USERNAME=faten
OS=Windows_NT
PROCESSOR_IDENTIFIER=Intel64 Family 6 Model 122 Stepping 8, GenuineIntel
TMP=C:\Users\faten\AppData\Local\Temp
TEMP=C:\Users\faten\AppData\Local\Temp




Periodic native trim disabled

---------------  S Y S T E M  ---------------

OS:
 Windows 11 , 64 bit Build 26100 (10.0.26100.7705)
OS uptime: 0 days 3:52 hours
Hyper-V role detected

CPU: total 4 (initial active 4) (4 cores per cpu, 1 threads per core) family 6 model 122 stepping 8 microcode 0x20, cx8, cmov, fxsr, mmx, 3dnowpref, sse, sse2, sse3, ssse3, sse4.1, sse4.2, popcnt, tsc, tscinvbit, aes, erms, clmul, sha, clflush, clflushopt, hv, rdtscp, rdpid
Processor Information for the first 4 processors :
  Max Mhz: 1101, Current Mhz: 1101, Mhz Limit: 1101

Memory: 4k page, system-wide physical 7833M (791M free)
TotalPageFile size 11567M (AvailPageFile size 1M)
current process WorkingSet (physical memory assigned to process): 81M, peak: 349M
current process commit charge ("private bytes"): 519M, peak: 527M

vm_info: OpenJDK 64-Bit Server VM (21.0.9+10-LTS) for windows-amd64 JRE (21.0.9+10-LTS), built on 2025-10-21T00:00:00Z by "admin" with unknown MS VC++:1942

END.
