#
# There is insufficient memory for the Java Runtime Environment to continue.
# Native memory allocation (malloc) failed to allocate 1048576 bytes. Error detail: AllocateHeap
# Possible reasons:
#   The system is out of physical RAM or swap space
#   This process is running with CompressedOops enabled, and the Java Heap may be blocking the growth of the native heap
# Possible solutions:
#   Reduce memory load on the system
#   Increase physical memory or swap space
#   Check if swap backing store is full
#   Decrease Java heap size (-Xmx/-Xms)
#   Decrease number of Java threads
#   Decrease Java thread stack sizes (-Xss)
#   Set larger code cache with -XX:ReservedCodeCacheSize=
#   JVM is running with Unscaled Compressed Oops mode in which the Java heap is
#     placed in the first 4GB address space. The Java Heap base address is the
#     maximum limit for the native heap growth. Please use -XX:HeapBaseMinAddress
#     to set the Java Heap base and to place the Java Heap above 4GB virtual address.
# This output file may be truncated or incomplete.
#
#  Out of Memory Error (allocation.cpp:44), pid=20156, tid=17392
#
# JRE version: OpenJDK Runtime Environment Temurin-21.0.9+10 (21.0.9+10) (build 21.0.9+10-LTS)
# Java VM: OpenJDK 64-Bit Server VM Temurin-21.0.9+10 (21.0.9+10-LTS, mixed mode, sharing, tiered, compressed oops, compressed class ptrs, parallel gc, windows-amd64)
# No core dump will be written. Minidumps are not enabled by default on client versions of Windows
#

---------------  S U M M A R Y ------------

Command Line: --add-modules=ALL-SYSTEM --add-opens=java.base/java.util=ALL-UNNAMED --add-opens=java.base/java.lang=ALL-UNNAMED --add-opens=java.base/sun.nio.fs=ALL-UNNAMED -Declipse.application=org.eclipse.jdt.ls.core.id1 -Dosgi.bundles.defaultStartLevel=4 -Declipse.product=org.eclipse.jdt.ls.core.product -Djava.import.generatesMetadataFilesAtProjectRoot=false -DDetectVMInstallationsJob.disabled=true -Dfile.encoding=utf8 -XX:+UseParallelGC -XX:GCTimeRatio=4 -XX:AdaptiveSizePolicyWeight=90 -Dsun.zip.disableMemoryMapping=true -Xmx2G -Xms100m -Xlog:disable -javaagent:c:\Users\faten\.vscode\extensions\redhat.java-1.52.0-win32-x64\lombok\lombok-1.18.39-4050.jar -XX:+HeapDumpOnOutOfMemoryError -XX:HeapDumpPath=c:\Users\faten\AppData\Roaming\Code\User\workspaceStorage\12c35a4dedc2fcd9bab49f7ec424ca49\redhat.java -Daether.dependencyCollector.impl=bf c:\Users\faten\.vscode\extensions\redhat.java-1.52.0-win32-x64\server\plugins\org.eclipse.equinox.launcher_1.7.100.v20251111-0406.jar -configuration c:\Users\faten\AppData\Roaming\Code\User\globalStorage\redhat.java\1.52.0\config_win -data c:\Users\faten\AppData\Roaming\Code\User\workspaceStorage\12c35a4dedc2fcd9bab49f7ec424ca49\redhat.java\jdt_ws --pipe=\\.\pipe\lsp-c5800da20d818fa9f3c3dfde76c995cf-sock

Host: Intel(R) Celeron(R) N4120 CPU @ 1.10GHz, 4 cores, 7G,  Windows 11 , 64 bit Build 26100 (10.0.26100.7705)
Time: Thu Feb 12 11:18:05 2026 Paris, Madrid elapsed time: 4784.780850 seconds (0d 1h 19m 44s)

---------------  T H R E A D  ---------------

Current thread (0x0000019c62688880):  JavaThread "Attach Listener" daemon [_thread_in_vm, id=17392, stack(0x000000896ac00000,0x000000896ad00000) (1024K)]

Stack: [0x000000896ac00000,0x000000896ad00000]
Native frames: (J=compiled Java code, j=interpreted, Vv=VM code, C=native code)
V  [jvm.dll+0x6d6e29]
V  [jvm.dll+0x8b4b76]
V  [jvm.dll+0x8b712e]
V  [jvm.dll+0x8b7813]
V  [jvm.dll+0x283d86]
V  [jvm.dll+0xc1277]
V  [jvm.dll+0x6d76d9]
V  [jvm.dll+0x133466]
V  [jvm.dll+0x3f7ea6]
V  [jvm.dll+0x85e9ad]
V  [jvm.dll+0x6d565d]
C  [ucrtbase.dll+0x37b0]
C  [KERNEL32.DLL+0x2e8d7]
C  [ntdll.dll+0x8c40c]


---------------  P R O C E S S  ---------------

Threads class SMR info:
_java_thread_list=0x0000019c7f3eb2a0, length=32, elements={
0x0000019c62795460, 0x0000019c6284ded0, 0x0000019c62681290, 0x0000019c62685d20,
0x0000019c62688880, 0x0000019c626892d0, 0x0000019c62689d20, 0x0000019c6268aaa0,
0x0000019c62706270, 0x0000019c7e173960, 0x0000019c7e280950, 0x0000019c7eb29ed0,
0x0000019c7ec2dce0, 0x0000019c7ec52780, 0x0000019c7ec3f8f0, 0x0000019c7ef34300,
0x0000019c7ed61e40, 0x0000019c7ef815d0, 0x0000019c7ef80220, 0x0000019c7ef7ee70,
0x0000019c41cc5ea0, 0x0000019c41cc5180, 0x0000019c41cc6530, 0x0000019c41cc3dd0,
0x0000019c41cc5810, 0x0000019c41cc3740, 0x0000019c41cc78e0, 0x0000019c41cc4460,
0x0000019c7ef7fb90, 0x0000019c47c43ab0, 0x0000019c7ef24460, 0x0000019c7ef26bc0
}

Java Threads: ( => current thread )
  0x0000019c62795460 JavaThread "main"                              [_thread_blocked, id=19632, stack(0x000000896a500000,0x000000896a600000) (1024K)]
  0x0000019c6284ded0 JavaThread "Reference Handler"          daemon [_thread_blocked, id=18580, stack(0x000000896a900000,0x000000896aa00000) (1024K)]
  0x0000019c62681290 JavaThread "Finalizer"                  daemon [_thread_blocked, id=15672, stack(0x000000896aa00000,0x000000896ab00000) (1024K)]
  0x0000019c62685d20 JavaThread "Signal Dispatcher"          daemon [_thread_blocked, id=3616, stack(0x000000896ab00000,0x000000896ac00000) (1024K)]
=>0x0000019c62688880 JavaThread "Attach Listener"            daemon [_thread_in_vm, id=17392, stack(0x000000896ac00000,0x000000896ad00000) (1024K)]
  0x0000019c626892d0 JavaThread "Service Thread"             daemon [_thread_blocked, id=14220, stack(0x000000896ad00000,0x000000896ae00000) (1024K)]
  0x0000019c62689d20 JavaThread "Monitor Deflation Thread"   daemon [_thread_blocked, id=14052, stack(0x000000896ae00000,0x000000896af00000) (1024K)]
  0x0000019c6268aaa0 JavaThread "C2 CompilerThread0"         daemon [_thread_blocked, id=12228, stack(0x000000896af00000,0x000000896b000000) (1024K)]
  0x0000019c62706270 JavaThread "C1 CompilerThread0"         daemon [_thread_blocked, id=18876, stack(0x000000896b000000,0x000000896b100000) (1024K)]
  0x0000019c7e173960 JavaThread "Common-Cleaner"             daemon [_thread_blocked, id=17908, stack(0x000000896b100000,0x000000896b200000) (1024K)]
  0x0000019c7e280950 JavaThread "Notification Thread"        daemon [_thread_blocked, id=8452, stack(0x000000896b200000,0x000000896b300000) (1024K)]
  0x0000019c7eb29ed0 JavaThread "Active Thread: Equinox Container: 8da99dca-1536-4182-9a98-78f8869b134a"        [_thread_blocked, id=18984, stack(0x000000896b700000,0x000000896b800000) (1024K)]
  0x0000019c7ec2dce0 JavaThread "Refresh Thread: Equinox Container: 8da99dca-1536-4182-9a98-78f8869b134a" daemon [_thread_blocked, id=11396, stack(0x000000896b800000,0x000000896b900000) (1024K)]
  0x0000019c7ec52780 JavaThread "Framework Event Dispatcher: Equinox Container: 8da99dca-1536-4182-9a98-78f8869b134a" daemon [_thread_blocked, id=3384, stack(0x000000896b300000,0x000000896b400000) (1024K)]
  0x0000019c7ec3f8f0 JavaThread "Start Level: Equinox Container: 8da99dca-1536-4182-9a98-78f8869b134a" daemon [_thread_blocked, id=13568, stack(0x000000896b900000,0x000000896ba00000) (1024K)]
  0x0000019c7ef34300 JavaThread "Bundle File Closer"         daemon [_thread_blocked, id=8076, stack(0x000000896bb00000,0x000000896bc00000) (1024K)]
  0x0000019c7ed61e40 JavaThread "SCR Component Actor"        daemon [_thread_blocked, id=5792, stack(0x000000896ba00000,0x000000896bb00000) (1024K)]
  0x0000019c7ef815d0 JavaThread "Worker-JM"                         [_thread_blocked, id=13404, stack(0x000000896bc00000,0x000000896bd00000) (1024K)]
  0x0000019c7ef80220 JavaThread "JNA Cleaner"                daemon [_thread_blocked, id=18560, stack(0x000000896bd00000,0x000000896be00000) (1024K)]
  0x0000019c7ef7ee70 JavaThread "Java indexing"              daemon [_thread_blocked, id=14820, stack(0x000000896c100000,0x000000896c200000) (1024K)]
  0x0000019c41cc5ea0 JavaThread "Thread-1"                   daemon [_thread_in_native, id=16024, stack(0x000000896c700000,0x000000896c800000) (1024K)]
  0x0000019c41cc5180 JavaThread "Thread-2"                   daemon [_thread_in_native, id=20076, stack(0x000000896c800000,0x000000896c900000) (1024K)]
  0x0000019c41cc6530 JavaThread "Thread-3"                   daemon [_thread_in_native, id=19264, stack(0x000000896c900000,0x000000896ca00000) (1024K)]
  0x0000019c41cc3dd0 JavaThread "Thread-4"                   daemon [_thread_in_native, id=16848, stack(0x000000896ca00000,0x000000896cb00000) (1024K)]
  0x0000019c41cc5810 JavaThread "Thread-5"                   daemon [_thread_in_native, id=17756, stack(0x000000896cb00000,0x000000896cc00000) (1024K)]
  0x0000019c41cc3740 JavaThread "pool-2-thread-1"                   [_thread_blocked, id=20140, stack(0x000000896cc00000,0x000000896cd00000) (1024K)]
  0x0000019c41cc78e0 JavaThread "WorkspaceEventsHandler"            [_thread_blocked, id=17468, stack(0x000000896cd00000,0x000000896ce00000) (1024K)]
  0x0000019c41cc4460 JavaThread "pool-1-thread-1"                   [_thread_blocked, id=18852, stack(0x000000896ce00000,0x000000896cf00000) (1024K)]
  0x0000019c7ef7fb90 JavaThread "Cleaner-0"                  daemon [_thread_blocked, id=15312, stack(0x000000896c400000,0x000000896c500000) (1024K)]
  0x0000019c47c43ab0 JavaThread "Worker-5"                          [_thread_blocked, id=9996, stack(0x000000896a300000,0x000000896a400000) (1024K)]
  0x0000019c7ef24460 JavaThread "Worker-10"                         [_thread_blocked, id=15180, stack(0x000000896c000000,0x000000896c100000) (1024K)]
  0x0000019c7ef26bc0 JavaThread "HttpClient-1-SelectorManager" daemon [_thread_in_native, id=14932, stack(0x000000896c600000,0x000000896c700000) (1024K)]
Total: 32

Other Threads:
  0x0000019c6282fb60 VMThread "VM Thread"                           [id=17028, stack(0x000000896a800000,0x000000896a900000) (1024K)]
  0x0000019c6261cb00 WatcherThread "VM Periodic Task Thread"        [id=272, stack(0x000000896a700000,0x000000896a800000) (1024K)]
  0x0000019c627b4450 WorkerThread "GC Thread#0"                     [id=8060, stack(0x000000896a600000,0x000000896a700000) (1024K)]
  0x0000019c7e7dd790 WorkerThread "GC Thread#1"                     [id=5592, stack(0x000000896b400000,0x000000896b500000) (1024K)]
  0x0000019c7e921c00 WorkerThread "GC Thread#2"                     [id=14756, stack(0x000000896b500000,0x000000896b600000) (1024K)]
  0x0000019c7e2a6ce0 WorkerThread "GC Thread#3"                     [id=8400, stack(0x000000896b600000,0x000000896b700000) (1024K)]
Total: 6

Threads with active compile tasks:
Total: 0

VM state: not at safepoint (normal execution)

VM Mutex/Monitor currently owned by a thread: None

Heap address: 0x0000000080000000, size: 2048 MB, Compressed Oops mode: 32-bit

CDS archive(s) mapped at: [0x0000019c00000000-0x0000019c00ba0000-0x0000019c00ba0000), size 12189696, SharedBaseAddress: 0x0000019c00000000, ArchiveRelocationMode: 1.
Compressed class space mapped at: 0x0000019c01000000-0x0000019c41000000, reserved size: 1073741824
Narrow klass base: 0x0000019c00000000, Narrow klass shift: 0, Narrow klass range: 0x100000000

GC Precious Log:
 CardTable entry size: 512
 CPUs: 4 total, 4 available
 Memory: 7833M
 Large Page Support: Disabled
 NUMA Support: Disabled
 Compressed Oops: Enabled (32-bit)
 Alignments: Space 512K, Generation 512K, Heap 2M
 Heap Min Capacity: 100M
 Heap Initial Capacity: 100M
 Heap Max Capacity: 2G
 Pre-touch: Disabled
 Parallel Workers: 4

Heap:
 PSYoungGen      total 5120K, used 2963K [0x00000000d5580000, 0x00000000d5d00000, 0x0000000100000000)
  eden space 4608K, 61% used [0x00000000d5580000,0x00000000d5844e50,0x00000000d5a00000)
  from space 512K, 25% used [0x00000000d5c00000,0x00000000d5c20000,0x00000000d5c80000)
  to   space 512K, 0% used [0x00000000d5c80000,0x00000000d5c80000,0x00000000d5d00000)
 ParOldGen       total 330752K, used 187895K [0x0000000080000000, 0x0000000094300000, 0x00000000d5580000)
  object space 330752K, 56% used [0x0000000080000000,0x000000008b77dca0,0x0000000094300000)
 Metaspace       used 81385K, committed 82944K, reserved 1179648K
  class space    used 8268K, committed 8960K, reserved 1048576K

Card table byte_map: [0x0000019c62130000,0x0000019c62540000] _byte_map_base: 0x0000019c61d30000

Marking Bits: (ParMarkBitMap*) 0x00007ffea5152460
 Begin Bits: [0x0000019c74c40000, 0x0000019c76c40000)
 End Bits:   [0x0000019c76c40000, 0x0000019c78c40000)

Polling page: 0x0000019c60450000

Metaspace:

Usage:
  Non-class:     71.40 MB used.
      Class:      8.07 MB used.
       Both:     79.48 MB used.

Virtual space:
  Non-class space:      128.00 MB reserved,      72.25 MB ( 56%) committed,  2 nodes.
      Class space:        1.00 GB reserved,       8.75 MB ( <1%) committed,  1 nodes.
             Both:        1.12 GB reserved,      81.00 MB (  7%) committed. 

Chunk freelists:
   Non-Class:  7.72 MB
       Class:  7.10 MB
        Both:  14.81 MB

MaxMetaspaceSize: unlimited
CompressedClassSpaceSize: 1.00 GB
Initial GC threshold: 21.00 MB
Current GC threshold: 128.06 MB
CDS: on
 - commit_granule_bytes: 65536.
 - commit_granule_words: 8192.
 - virtual_space_node_default_size: 8388608.
 - enlarge_chunks_in_place: 1.
 - use_allocation_guard: 0.


Internal statistics:

num_allocs_failed_limit: 9.
num_arena_births: 1598.
num_arena_deaths: 398.
num_vsnodes_births: 3.
num_vsnodes_deaths: 0.
num_space_committed: 1296.
num_space_uncommitted: 0.
num_chunks_returned_to_freelist: 476.
num_chunks_taken_from_freelist: 5897.
num_chunk_merges: 134.
num_chunk_splits: 3337.
num_chunks_enlarged: 1758.
num_inconsistent_stats: 0.

CodeHeap 'non-profiled nmethods': size=120000Kb used=15096Kb max_used=15096Kb free=104904Kb
 bounds [0x0000019c6d460000, 0x0000019c6e320000, 0x0000019c74990000]
CodeHeap 'profiled nmethods': size=120000Kb used=42286Kb max_used=42286Kb free=77713Kb
 bounds [0x0000019c65990000, 0x0000019c682e0000, 0x0000019c6cec0000]
CodeHeap 'non-nmethods': size=5760Kb used=1493Kb max_used=1536Kb free=4266Kb
 bounds [0x0000019c6cec0000, 0x0000019c6d130000, 0x0000019c6d460000]
CodeCache: size=245760Kb, used=58875Kb, max_used=58918Kb, free=186883Kb
 total_blobs=17288, nmethods=16469, adapters=723, full_count=0
Compilation: enabled, stopped_count=0, restarted_count=0

Compilation events (20 events):
Event: 4223.752 Thread 0x0000019c62706270 17936       3       org.eclipse.lsp4j.jsonrpc.json.adapters.MessageTypeAdapter::writeId (54 bytes)
Event: 4223.755 Thread 0x0000019c62706270 nmethod 17936 0x0000019c682d4990 code [0x0000019c682d4c00, 0x0000019c682d5948]
Event: 4224.939 Thread 0x0000019c6268aaa0 17937   !   4       org.eclipse.jdt.core.dom.ParameterizedType::getType (60 bytes)
Event: 4224.941 Thread 0x0000019c6268aaa0 nmethod 17937 0x0000019c6e31dd10 code [0x0000019c6e31dea0, 0x0000019c6e31df50]
Event: 4388.603 Thread 0x0000019c62706270 17938       3       java.lang.ProcessHandleImpl::get (51 bytes)
Event: 4388.604 Thread 0x0000019c62706270 nmethod 17938 0x0000019c682d5c90 code [0x0000019c682d5ea0, 0x0000019c682d64a8]
Event: 4388.604 Thread 0x0000019c62706270 17939       3       java.lang.ProcessHandleImpl::isAlive (44 bytes)
Event: 4388.604 Thread 0x0000019c62706270 nmethod 17939 0x0000019c682d6710 code [0x0000019c682d68c0, 0x0000019c682d6b20]
Event: 4536.485 Thread 0x0000019c62706270 17940       3       sun.nio.ch.SelectorImpl::select (35 bytes)
Event: 4536.486 Thread 0x0000019c62706270 nmethod 17940 0x0000019c682d6c10 code [0x0000019c682d6de0, 0x0000019c682d70a0]
Event: 4536.486 Thread 0x0000019c62706270 17941   !   3       sun.nio.ch.SelectorImpl::lockAndDoSelect (87 bytes)
Event: 4536.486 Thread 0x0000019c62706270 nmethod 17941 0x0000019c682d7190 code [0x0000019c682d73c0, 0x0000019c682d7aa8]
Event: 4536.486 Thread 0x0000019c62706270 17942   !   3       sun.nio.ch.WEPollSelectorImpl::doSelect (132 bytes)
Event: 4536.488 Thread 0x0000019c62706270 nmethod 17942 0x0000019c682d7f10 code [0x0000019c682d81e0, 0x0000019c682d8d58]
Event: 4536.488 Thread 0x0000019c62706270 17943   !   3       sun.nio.ch.WEPollSelectorImpl::processUpdateQueue (203 bytes)
Event: 4536.489 Thread 0x0000019c62706270 nmethod 17943 0x0000019c682d9390 code [0x0000019c682d9660, 0x0000019c682da400]
Event: 4536.489 Thread 0x0000019c62706270 17944       3       sun.nio.ch.SelectorImpl::begin (9 bytes)
Event: 4536.489 Thread 0x0000019c62706270 nmethod 17944 0x0000019c682daa90 code [0x0000019c682dac40, 0x0000019c682dada8]
Event: 4536.489 Thread 0x0000019c62706270 17945       3       java.nio.channels.spi.AbstractSelector::begin (48 bytes)
Event: 4536.490 Thread 0x0000019c62706270 nmethod 17945 0x0000019c682dae90 code [0x0000019c682db080, 0x0000019c682db658]

GC Heap History (20 events):
Event: 4210.154 GC heap before
{Heap before GC invocations=544 (full 4):
 PSYoungGen      total 5120K, used 4704K [0x00000000d5580000, 0x00000000d5c00000, 0x0000000100000000)
  eden space 4608K, 100% used [0x00000000d5580000,0x00000000d5a00000,0x00000000d5a00000)
  from space 512K, 18% used [0x00000000d5a80000,0x00000000d5a98000,0x00000000d5b00000)
  to   space 512K, 0% used [0x00000000d5b80000,0x00000000d5b80000,0x00000000d5c00000)
 ParOldGen       total 330752K, used 183972K [0x0000000080000000, 0x0000000094300000, 0x00000000d5580000)
  object space 330752K, 55% used [0x0000000080000000,0x000000008b3a93a0,0x0000000094300000)
 Metaspace       used 81320K, committed 82880K, reserved 1179648K
  class space    used 8268K, committed 8960K, reserved 1048576K
}
Event: 4210.155 GC heap after
{Heap after GC invocations=544 (full 4):
 PSYoungGen      total 5120K, used 128K [0x00000000d5580000, 0x00000000d5c00000, 0x0000000100000000)
  eden space 4608K, 0% used [0x00000000d5580000,0x00000000d5580000,0x00000000d5a00000)
  from space 512K, 25% used [0x00000000d5b80000,0x00000000d5ba0000,0x00000000d5c00000)
  to   space 512K, 0% used [0x00000000d5a80000,0x00000000d5a80000,0x00000000d5b00000)
 ParOldGen       total 330752K, used 183996K [0x0000000080000000, 0x0000000094300000, 0x00000000d5580000)
  object space 330752K, 55% used [0x0000000080000000,0x000000008b3af3a0,0x0000000094300000)
 Metaspace       used 81320K, committed 82880K, reserved 1179648K
  class space    used 8268K, committed 8960K, reserved 1048576K
}
Event: 4210.237 GC heap before
{Heap before GC invocations=545 (full 4):
 PSYoungGen      total 5120K, used 4736K [0x00000000d5580000, 0x00000000d5c00000, 0x0000000100000000)
  eden space 4608K, 100% used [0x00000000d5580000,0x00000000d5a00000,0x00000000d5a00000)
  from space 512K, 25% used [0x00000000d5b80000,0x00000000d5ba0000,0x00000000d5c00000)
  to   space 512K, 0% used [0x00000000d5a80000,0x00000000d5a80000,0x00000000d5b00000)
 ParOldGen       total 330752K, used 183996K [0x0000000080000000, 0x0000000094300000, 0x00000000d5580000)
  object space 330752K, 55% used [0x0000000080000000,0x000000008b3af3a0,0x0000000094300000)
 Metaspace       used 81320K, committed 82880K, reserved 1179648K
  class space    used 8268K, committed 8960K, reserved 1048576K
}
Event: 4210.239 GC heap after
{Heap after GC invocations=545 (full 4):
 PSYoungGen      total 5120K, used 96K [0x00000000d5580000, 0x00000000d5c00000, 0x0000000100000000)
  eden space 4608K, 0% used [0x00000000d5580000,0x00000000d5580000,0x00000000d5a00000)
  from space 512K, 18% used [0x00000000d5a80000,0x00000000d5a98000,0x00000000d5b00000)
  to   space 512K, 0% used [0x00000000d5b80000,0x00000000d5b80000,0x00000000d5c00000)
 ParOldGen       total 330752K, used 184028K [0x0000000080000000, 0x0000000094300000, 0x00000000d5580000)
  object space 330752K, 55% used [0x0000000080000000,0x000000008b3b73a0,0x0000000094300000)
 Metaspace       used 81320K, committed 82880K, reserved 1179648K
  class space    used 8268K, committed 8960K, reserved 1048576K
}
Event: 4210.915 GC heap before
{Heap before GC invocations=546 (full 4):
 PSYoungGen      total 5120K, used 4703K [0x00000000d5580000, 0x00000000d5c00000, 0x0000000100000000)
  eden space 4608K, 99% used [0x00000000d5580000,0x00000000d59fffc0,0x00000000d5a00000)
  from space 512K, 18% used [0x00000000d5a80000,0x00000000d5a98000,0x00000000d5b00000)
  to   space 512K, 0% used [0x00000000d5b80000,0x00000000d5b80000,0x00000000d5c00000)
 ParOldGen       total 330752K, used 184028K [0x0000000080000000, 0x0000000094300000, 0x00000000d5580000)
  object space 330752K, 55% used [0x0000000080000000,0x000000008b3b73a0,0x0000000094300000)
 Metaspace       used 81322K, committed 82880K, reserved 1179648K
  class space    used 8268K, committed 8960K, reserved 1048576K
}
Event: 4210.922 GC heap after
{Heap after GC invocations=546 (full 4):
 PSYoungGen      total 5120K, used 492K [0x00000000d5580000, 0x00000000d5d00000, 0x0000000100000000)
  eden space 4608K, 0% used [0x00000000d5580000,0x00000000d5580000,0x00000000d5a00000)
  from space 512K, 96% used [0x00000000d5b80000,0x00000000d5bfb180,0x00000000d5c00000)
  to   space 1536K, 0% used [0x00000000d5a00000,0x00000000d5a00000,0x00000000d5b80000)
 ParOldGen       total 330752K, used 184860K [0x0000000080000000, 0x0000000094300000, 0x00000000d5580000)
  object space 330752K, 55% used [0x0000000080000000,0x000000008b4873d0,0x0000000094300000)
 Metaspace       used 81322K, committed 82880K, reserved 1179648K
  class space    used 8268K, committed 8960K, reserved 1048576K
}
Event: 4210.986 GC heap before
{Heap before GC invocations=547 (full 4):
 PSYoungGen      total 5120K, used 5100K [0x00000000d5580000, 0x00000000d5d00000, 0x0000000100000000)
  eden space 4608K, 100% used [0x00000000d5580000,0x00000000d5a00000,0x00000000d5a00000)
  from space 512K, 96% used [0x00000000d5b80000,0x00000000d5bfb180,0x00000000d5c00000)
  to   space 1536K, 0% used [0x00000000d5a00000,0x00000000d5a00000,0x00000000d5b80000)
 ParOldGen       total 330752K, used 184860K [0x0000000080000000, 0x0000000094300000, 0x00000000d5580000)
  object space 330752K, 55% used [0x0000000080000000,0x000000008b4873d0,0x0000000094300000)
 Metaspace       used 81359K, committed 82880K, reserved 1179648K
  class space    used 8268K, committed 8960K, reserved 1048576K
}
Event: 4210.992 GC heap after
{Heap after GC invocations=547 (full 4):
 PSYoungGen      total 6144K, used 1532K [0x00000000d5580000, 0x00000000d5f00000, 0x0000000100000000)
  eden space 4608K, 0% used [0x00000000d5580000,0x00000000d5580000,0x00000000d5a00000)
  from space 1536K, 99% used [0x00000000d5a00000,0x00000000d5b7f190,0x00000000d5b80000)
  to   space 2560K, 0% used [0x00000000d5c80000,0x00000000d5c80000,0x00000000d5f00000)
 ParOldGen       total 330752K, used 185542K [0x0000000080000000, 0x0000000094300000, 0x00000000d5580000)
  object space 330752K, 56% used [0x0000000080000000,0x000000008b531b18,0x0000000094300000)
 Metaspace       used 81359K, committed 82880K, reserved 1179648K
  class space    used 8268K, committed 8960K, reserved 1048576K
}
Event: 4211.322 GC heap before
{Heap before GC invocations=548 (full 4):
 PSYoungGen      total 6144K, used 6140K [0x00000000d5580000, 0x00000000d5f00000, 0x0000000100000000)
  eden space 4608K, 100% used [0x00000000d5580000,0x00000000d5a00000,0x00000000d5a00000)
  from space 1536K, 99% used [0x00000000d5a00000,0x00000000d5b7f190,0x00000000d5b80000)
  to   space 2560K, 0% used [0x00000000d5c80000,0x00000000d5c80000,0x00000000d5f00000)
 ParOldGen       total 330752K, used 185542K [0x0000000080000000, 0x0000000094300000, 0x00000000d5580000)
  object space 330752K, 56% used [0x0000000080000000,0x000000008b531b18,0x0000000094300000)
 Metaspace       used 81362K, committed 82944K, reserved 1179648K
  class space    used 8268K, committed 8960K, reserved 1048576K
}
Event: 4211.337 GC heap after
{Heap after GC invocations=548 (full 4):
 PSYoungGen      total 5632K, used 640K [0x00000000d5580000, 0x00000000d5d80000, 0x0000000100000000)
  eden space 4608K, 0% used [0x00000000d5580000,0x00000000d5580000,0x00000000d5a00000)
  from space 1024K, 62% used [0x00000000d5c80000,0x00000000d5d20000,0x00000000d5d80000)
  to   space 1536K, 0% used [0x00000000d5a80000,0x00000000d5a80000,0x00000000d5c00000)
 ParOldGen       total 330752K, used 187058K [0x0000000080000000, 0x0000000094300000, 0x00000000d5580000)
  object space 330752K, 56% used [0x0000000080000000,0x000000008b6aca90,0x0000000094300000)
 Metaspace       used 81362K, committed 82944K, reserved 1179648K
  class space    used 8268K, committed 8960K, reserved 1048576K
}
Event: 4211.372 GC heap before
{Heap before GC invocations=549 (full 4):
 PSYoungGen      total 5632K, used 5248K [0x00000000d5580000, 0x00000000d5d80000, 0x0000000100000000)
  eden space 4608K, 100% used [0x00000000d5580000,0x00000000d5a00000,0x00000000d5a00000)
  from space 1024K, 62% used [0x00000000d5c80000,0x00000000d5d20000,0x00000000d5d80000)
  to   space 1536K, 0% used [0x00000000d5a80000,0x00000000d5a80000,0x00000000d5c00000)
 ParOldGen       total 330752K, used 187058K [0x0000000080000000, 0x0000000094300000, 0x00000000d5580000)
  object space 330752K, 56% used [0x0000000080000000,0x000000008b6aca90,0x0000000094300000)
 Metaspace       used 81363K, committed 82944K, reserved 1179648K
  class space    used 8268K, committed 8960K, reserved 1048576K
}
Event: 4211.380 GC heap after
{Heap after GC invocations=549 (full 4):
 PSYoungGen      total 6144K, used 204K [0x00000000d5580000, 0x00000000d5d00000, 0x0000000100000000)
  eden space 4608K, 0% used [0x00000000d5580000,0x00000000d5580000,0x00000000d5a00000)
  from space 1536K, 13% used [0x00000000d5a80000,0x00000000d5ab3180,0x00000000d5c00000)
  to   space 512K, 0% used [0x00000000d5c80000,0x00000000d5c80000,0x00000000d5d00000)
 ParOldGen       total 330752K, used 187646K [0x0000000080000000, 0x0000000094300000, 0x00000000d5580000)
  object space 330752K, 56% used [0x0000000080000000,0x000000008b73f890,0x0000000094300000)
 Metaspace       used 81363K, committed 82944K, reserved 1179648K
  class space    used 8268K, committed 8960K, reserved 1048576K
}
Event: 4211.423 GC heap before
{Heap before GC invocations=550 (full 4):
 PSYoungGen      total 6144K, used 4812K [0x00000000d5580000, 0x00000000d5d00000, 0x0000000100000000)
  eden space 4608K, 100% used [0x00000000d5580000,0x00000000d5a00000,0x00000000d5a00000)
  from space 1536K, 13% used [0x00000000d5a80000,0x00000000d5ab3180,0x00000000d5c00000)
  to   space 512K, 0% used [0x00000000d5c80000,0x00000000d5c80000,0x00000000d5d00000)
 ParOldGen       total 330752K, used 187646K [0x0000000080000000, 0x0000000094300000, 0x00000000d5580000)
  object space 330752K, 56% used [0x0000000080000000,0x000000008b73f890,0x0000000094300000)
 Metaspace       used 81363K, committed 82944K, reserved 1179648K
  class space    used 8268K, committed 8960K, reserved 1048576K
}
Event: 4211.425 GC heap after
{Heap after GC invocations=550 (full 4):
 PSYoungGen      total 5120K, used 128K [0x00000000d5580000, 0x00000000d5d00000, 0x0000000100000000)
  eden space 4608K, 0% used [0x00000000d5580000,0x00000000d5580000,0x00000000d5a00000)
  from space 512K, 25% used [0x00000000d5c80000,0x00000000d5ca0000,0x00000000d5d00000)
  to   space 512K, 0% used [0x00000000d5c00000,0x00000000d5c00000,0x00000000d5c80000)
 ParOldGen       total 330752K, used 187823K [0x0000000080000000, 0x0000000094300000, 0x00000000d5580000)
  object space 330752K, 56% used [0x0000000080000000,0x000000008b76bca0,0x0000000094300000)
 Metaspace       used 81363K, committed 82944K, reserved 1179648K
  class space    used 8268K, committed 8960K, reserved 1048576K
}
Event: 4211.466 GC heap before
{Heap before GC invocations=551 (full 4):
 PSYoungGen      total 5120K, used 4736K [0x00000000d5580000, 0x00000000d5d00000, 0x0000000100000000)
  eden space 4608K, 100% used [0x00000000d5580000,0x00000000d5a00000,0x00000000d5a00000)
  from space 512K, 25% used [0x00000000d5c80000,0x00000000d5ca0000,0x00000000d5d00000)
  to   space 512K, 0% used [0x00000000d5c00000,0x00000000d5c00000,0x00000000d5c80000)
 ParOldGen       total 330752K, used 187823K [0x0000000080000000, 0x0000000094300000, 0x00000000d5580000)
  object space 330752K, 56% used [0x0000000080000000,0x000000008b76bca0,0x0000000094300000)
 Metaspace       used 81363K, committed 82944K, reserved 1179648K
  class space    used 8268K, committed 8960K, reserved 1048576K
}
Event: 4211.469 GC heap after
{Heap after GC invocations=551 (full 4):
 PSYoungGen      total 5120K, used 128K [0x00000000d5580000, 0x00000000d5d00000, 0x0000000100000000)
  eden space 4608K, 0% used [0x00000000d5580000,0x00000000d5580000,0x00000000d5a00000)
  from space 512K, 25% used [0x00000000d5c00000,0x00000000d5c20000,0x00000000d5c80000)
  to   space 512K, 0% used [0x00000000d5c80000,0x00000000d5c80000,0x00000000d5d00000)
 ParOldGen       total 330752K, used 187839K [0x0000000080000000, 0x0000000094300000, 0x00000000d5580000)
  object space 330752K, 56% used [0x0000000080000000,0x000000008b76fca0,0x0000000094300000)
 Metaspace       used 81363K, committed 82944K, reserved 1179648K
  class space    used 8268K, committed 8960K, reserved 1048576K
}
Event: 4211.513 GC heap before
{Heap before GC invocations=552 (full 4):
 PSYoungGen      total 5120K, used 4736K [0x00000000d5580000, 0x00000000d5d00000, 0x0000000100000000)
  eden space 4608K, 100% used [0x00000000d5580000,0x00000000d5a00000,0x00000000d5a00000)
  from space 512K, 25% used [0x00000000d5c00000,0x00000000d5c20000,0x00000000d5c80000)
  to   space 512K, 0% used [0x00000000d5c80000,0x00000000d5c80000,0x00000000d5d00000)
 ParOldGen       total 330752K, used 187839K [0x0000000080000000, 0x0000000094300000, 0x00000000d5580000)
  object space 330752K, 56% used [0x0000000080000000,0x000000008b76fca0,0x0000000094300000)
 Metaspace       used 81364K, committed 82944K, reserved 1179648K
  class space    used 8268K, committed 8960K, reserved 1048576K
}
Event: 4211.518 GC heap after
{Heap after GC invocations=552 (full 4):
 PSYoungGen      total 5120K, used 128K [0x00000000d5580000, 0x00000000d5d00000, 0x0000000100000000)
  eden space 4608K, 0% used [0x00000000d5580000,0x00000000d5580000,0x00000000d5a00000)
  from space 512K, 25% used [0x00000000d5c80000,0x00000000d5ca0000,0x00000000d5d00000)
  to   space 512K, 0% used [0x00000000d5c00000,0x00000000d5c00000,0x00000000d5c80000)
 ParOldGen       total 330752K, used 187863K [0x0000000080000000, 0x0000000094300000, 0x00000000d5580000)
  object space 330752K, 56% used [0x0000000080000000,0x000000008b775ca0,0x0000000094300000)
 Metaspace       used 81364K, committed 82944K, reserved 1179648K
  class space    used 8268K, committed 8960K, reserved 1048576K
}
Event: 4211.562 GC heap before
{Heap before GC invocations=553 (full 4):
 PSYoungGen      total 5120K, used 4736K [0x00000000d5580000, 0x00000000d5d00000, 0x0000000100000000)
  eden space 4608K, 100% used [0x00000000d5580000,0x00000000d5a00000,0x00000000d5a00000)
  from space 512K, 25% used [0x00000000d5c80000,0x00000000d5ca0000,0x00000000d5d00000)
  to   space 512K, 0% used [0x00000000d5c00000,0x00000000d5c00000,0x00000000d5c80000)
 ParOldGen       total 330752K, used 187863K [0x0000000080000000, 0x0000000094300000, 0x00000000d5580000)
  object space 330752K, 56% used [0x0000000080000000,0x000000008b775ca0,0x0000000094300000)
 Metaspace       used 81376K, committed 82944K, reserved 1179648K
  class space    used 8268K, committed 8960K, reserved 1048576K
}
Event: 4211.565 GC heap after
{Heap after GC invocations=553 (full 4):
 PSYoungGen      total 5120K, used 128K [0x00000000d5580000, 0x00000000d5d00000, 0x0000000100000000)
  eden space 4608K, 0% used [0x00000000d5580000,0x00000000d5580000,0x00000000d5a00000)
  from space 512K, 25% used [0x00000000d5c00000,0x00000000d5c20000,0x00000000d5c80000)
  to   space 512K, 0% used [0x00000000d5c80000,0x00000000d5c80000,0x00000000d5d00000)
 ParOldGen       total 330752K, used 187895K [0x0000000080000000, 0x0000000094300000, 0x00000000d5580000)
  object space 330752K, 56% used [0x0000000080000000,0x000000008b77dca0,0x0000000094300000)
 Metaspace       used 81376K, committed 82944K, reserved 1179648K
  class space    used 8268K, committed 8960K, reserved 1048576K
}

Dll operation events (12 events):
Event: 0.040 Loaded shared library c:\Users\faten\.vscode\extensions\redhat.java-1.52.0-win32-x64\jre\21.0.9-win32-x86_64\bin\java.dll
Event: 0.909 Loaded shared library c:\Users\faten\.vscode\extensions\redhat.java-1.52.0-win32-x64\jre\21.0.9-win32-x86_64\bin\zip.dll
Event: 0.962 Loaded shared library C:\Users\faten\.vscode\extensions\redhat.java-1.52.0-win32-x64\jre\21.0.9-win32-x86_64\bin\instrument.dll
Event: 1.006 Loaded shared library C:\Users\faten\.vscode\extensions\redhat.java-1.52.0-win32-x64\jre\21.0.9-win32-x86_64\bin\net.dll
Event: 1.012 Loaded shared library C:\Users\faten\.vscode\extensions\redhat.java-1.52.0-win32-x64\jre\21.0.9-win32-x86_64\bin\nio.dll
Event: 1.028 Loaded shared library C:\Users\faten\.vscode\extensions\redhat.java-1.52.0-win32-x64\jre\21.0.9-win32-x86_64\bin\zip.dll
Event: 1.182 Loaded shared library C:\Users\faten\.vscode\extensions\redhat.java-1.52.0-win32-x64\jre\21.0.9-win32-x86_64\bin\jimage.dll
Event: 1.880 Loaded shared library c:\Users\faten\.vscode\extensions\redhat.java-1.52.0-win32-x64\jre\21.0.9-win32-x86_64\bin\verify.dll
Event: 6.274 Loaded shared library C:\Users\faten\AppData\Roaming\Code\User\globalStorage\redhat.java\1.52.0\config_win\org.eclipse.equinox.launcher\org.eclipse.equinox.launcher.win32.win32.x86_64_1.2.1500.v20260121-1430\eclipse_11919.dll
Event: 14.501 Loaded shared library C:\Users\faten\AppData\Local\Temp\jna-97203586\jna15537092775203342613.dll
Event: 3382.683 Loaded shared library C:\Users\faten\.vscode\extensions\redhat.java-1.52.0-win32-x64\jre\21.0.9-win32-x86_64\bin\sunmscapi.dll
Event: 3382.922 Loaded shared library C:\Users\faten\.vscode\extensions\redhat.java-1.52.0-win32-x64\jre\21.0.9-win32-x86_64\bin\extnet.dll

Deoptimization events (20 events):
Event: 4210.251 Thread 0x0000019c7ef25180 DEOPT PACKING pc=0x0000019c6e290534 sp=0x000000896befe8b0
Event: 4210.251 Thread 0x0000019c7ef25180 DEOPT UNPACKING pc=0x0000019c6cf13a9c sp=0x000000896befe830 mode 2
Event: 4210.251 Thread 0x0000019c7ef25180 Uncommon trap: trap_request=0xffffffc6 fr.pc=0x0000019c6dce3750 relative=0x0000000000000450
Event: 4210.251 Thread 0x0000019c7ef25180 Uncommon trap: reason=bimorphic_or_optimized_type_check action=maybe_recompile pc=0x0000019c6dce3750 method=java.util.HashMap.removeNode(ILjava/lang/Object;Ljava/lang/Object;ZZ)Ljava/util/HashMap$Node; @ 283 c2
Event: 4210.251 Thread 0x0000019c7ef25180 DEOPT PACKING pc=0x0000019c6dce3750 sp=0x000000896befe7b0
Event: 4210.251 Thread 0x0000019c7ef25180 DEOPT UNPACKING pc=0x0000019c6cf13a9c sp=0x000000896befe758 mode 2
Event: 4210.868 Thread 0x0000019c7ef24460 DEOPT PACKING pc=0x0000019c6818108e sp=0x000000896c0fe490
Event: 4210.868 Thread 0x0000019c7ef24460 DEOPT UNPACKING pc=0x0000019c6cf14223 sp=0x000000896c0fd9f0 mode 0
Event: 4210.869 Thread 0x0000019c7ef24460 Uncommon trap: trap_request=0xffffffcc fr.pc=0x0000019c6e2cd818 relative=0x00000000000009d8
Event: 4210.869 Thread 0x0000019c7ef24460 Uncommon trap: reason=intrinsic_or_type_checked_inlining action=make_not_entrant pc=0x0000019c6e2cd818 method=org.eclipse.jdt.internal.compiler.parser.Parser.consumeMethodHeaderName(Z)V @ 221 c2
Event: 4210.869 Thread 0x0000019c7ef24460 DEOPT PACKING pc=0x0000019c6e2cd818 sp=0x000000896c0fe470
Event: 4210.869 Thread 0x0000019c7ef24460 DEOPT UNPACKING pc=0x0000019c6cf13a9c sp=0x000000896c0fe410 mode 2
Event: 4210.960 Thread 0x0000019c7ef24460 Uncommon trap: trap_request=0xffffff6e fr.pc=0x0000019c6e2f4170 relative=0x00000000000002f0
Event: 4210.960 Thread 0x0000019c7ef24460 Uncommon trap: reason=loop_limit_check action=maybe_recompile pc=0x0000019c6e2f4170 method=org.eclipse.jdt.internal.core.util.CommentRecorderParser.checkComment()V @ 202 c2
Event: 4210.960 Thread 0x0000019c7ef24460 DEOPT PACKING pc=0x0000019c6e2f4170 sp=0x000000896c0fe4d0
Event: 4210.960 Thread 0x0000019c7ef24460 DEOPT UNPACKING pc=0x0000019c6cf13a9c sp=0x000000896c0fe450 mode 2
Event: 4211.570 Thread 0x0000019c7ef25180 Uncommon trap: trap_request=0xffffffc6 fr.pc=0x0000019c6dce3750 relative=0x0000000000000450
Event: 4211.570 Thread 0x0000019c7ef25180 Uncommon trap: reason=bimorphic_or_optimized_type_check action=maybe_recompile pc=0x0000019c6dce3750 method=java.util.HashMap.removeNode(ILjava/lang/Object;Ljava/lang/Object;ZZ)Ljava/util/HashMap$Node; @ 283 c2
Event: 4211.570 Thread 0x0000019c7ef25180 DEOPT PACKING pc=0x0000019c6dce3750 sp=0x000000896befe7d0
Event: 4211.570 Thread 0x0000019c7ef25180 DEOPT UNPACKING pc=0x0000019c6cf13a9c sp=0x000000896befe748 mode 2

Classes loaded (20 events):
Event: 3382.914 Loading class jdk/net/ExtendedSocketOptions$2
Event: 3382.914 Loading class jdk/net/ExtendedSocketOptions$2 done
Event: 3382.914 Loading class jdk/internal/util/OperatingSystem
Event: 3382.915 Loading class jdk/internal/util/OperatingSystem done
Event: 3382.915 Loading class jdk/net/WindowsSocketOptions
Event: 3382.916 Loading class jdk/net/WindowsSocketOptions done
Event: 3382.928 Loading class jdk/net/ExtendedSocketOptions$1
Event: 3382.929 Loading class jdk/net/ExtendedSocketOptions$1 done
Event: 3382.934 Loading class java/nio/BufferMismatch
Event: 3382.935 Loading class java/nio/BufferMismatch done
Event: 3382.938 Loading class sun/nio/ch/SourceChannelImpl
Event: 3382.940 Loading class java/nio/channels/Pipe$SourceChannel
Event: 3382.941 Loading class java/nio/channels/Pipe$SourceChannel done
Event: 3382.941 Loading class sun/nio/ch/SourceChannelImpl done
Event: 3382.941 Loading class sun/nio/ch/SinkChannelImpl
Event: 3382.941 Loading class java/nio/channels/Pipe$SinkChannel
Event: 3382.945 Loading class java/nio/channels/Pipe$SinkChannel done
Event: 3382.945 Loading class sun/nio/ch/SinkChannelImpl done
Event: 3382.995 Loading class java/nio/channels/spi/AbstractSelector$1
Event: 3382.995 Loading class java/nio/channels/spi/AbstractSelector$1 done

Classes unloaded (20 events):
Event: 2736.591 Thread 0x0000019c6282fb60 Unloading class 0x0000019c01016400 'java/lang/invoke/LambdaForm$MH+0x0000019c01016400'
Event: 2736.591 Thread 0x0000019c6282fb60 Unloading class 0x0000019c01014800 'java/lang/invoke/LambdaForm$MH+0x0000019c01014800'
Event: 2736.591 Thread 0x0000019c6282fb60 Unloading class 0x0000019c0100d800 'java/lang/invoke/LambdaForm$MH+0x0000019c0100d800'
Event: 2736.591 Thread 0x0000019c6282fb60 Unloading class 0x0000019c0100d400 'java/lang/invoke/LambdaForm$MH+0x0000019c0100d400'
Event: 2736.591 Thread 0x0000019c6282fb60 Unloading class 0x0000019c0100d000 'java/lang/invoke/LambdaForm$MH+0x0000019c0100d000'
Event: 2736.591 Thread 0x0000019c6282fb60 Unloading class 0x0000019c0100cc00 'java/lang/invoke/LambdaForm$MH+0x0000019c0100cc00'
Event: 2736.591 Thread 0x0000019c6282fb60 Unloading class 0x0000019c0100c800 'java/lang/invoke/LambdaForm$BMH+0x0000019c0100c800'
Event: 2736.591 Thread 0x0000019c6282fb60 Unloading class 0x0000019c0100c000 'java/lang/invoke/LambdaForm$DMH+0x0000019c0100c000'
Event: 2736.591 Thread 0x0000019c6282fb60 Unloading class 0x0000019c01008c00 'java/lang/invoke/LambdaForm$MH+0x0000019c01008c00'
Event: 2736.591 Thread 0x0000019c6282fb60 Unloading class 0x0000019c01008800 'java/lang/invoke/LambdaForm$MH+0x0000019c01008800'
Event: 2736.591 Thread 0x0000019c6282fb60 Unloading class 0x0000019c01008400 'java/lang/invoke/LambdaForm$MH+0x0000019c01008400'
Event: 2736.591 Thread 0x0000019c6282fb60 Unloading class 0x0000019c01007000 'java/lang/invoke/LambdaForm$MH+0x0000019c01007000'
Event: 2736.591 Thread 0x0000019c6282fb60 Unloading class 0x0000019c01006800 'java/lang/invoke/LambdaForm$MH+0x0000019c01006800'
Event: 2736.592 Thread 0x0000019c6282fb60 Unloading class 0x0000019c01006400 'java/lang/invoke/LambdaForm$MH+0x0000019c01006400'
Event: 2736.592 Thread 0x0000019c6282fb60 Unloading class 0x0000019c01006000 'java/lang/invoke/LambdaForm$MH+0x0000019c01006000'
Event: 2736.592 Thread 0x0000019c6282fb60 Unloading class 0x0000019c01005c00 'java/lang/invoke/LambdaForm$BMH+0x0000019c01005c00'
Event: 2736.592 Thread 0x0000019c6282fb60 Unloading class 0x0000019c01004800 'java/lang/invoke/LambdaForm$DMH+0x0000019c01004800'
Event: 2736.592 Thread 0x0000019c6282fb60 Unloading class 0x0000019c01002400 'java/lang/invoke/LambdaForm$MH+0x0000019c01002400'
Event: 2736.592 Thread 0x0000019c6282fb60 Unloading class 0x0000019c01002000 'java/lang/invoke/LambdaForm$MH+0x0000019c01002000'
Event: 2736.592 Thread 0x0000019c6282fb60 Unloading class 0x0000019c01001800 'java/lang/invoke/LambdaForm$MH+0x0000019c01001800'

Classes redefined (0 events):
No events

Internal exceptions (20 events):
Event: 2632.734 Thread 0x0000019c7ef7ee70 Exception <a 'sun/nio/fs/WindowsException'{0x00000000d55cab70}> (0x00000000d55cab70) 
thrown [s\src\hotspot\share\prims\jni.cpp, line 520]
Event: 2704.924 Thread 0x0000019c47c43ab0 Exception <a 'sun/nio/fs/WindowsException'{0x00000000d562bcd8}> (0x00000000d562bcd8) 
thrown [s\src\hotspot\share\prims\jni.cpp, line 520]
Event: 2704.925 Thread 0x0000019c47c43ab0 Exception <a 'sun/nio/fs/WindowsException'{0x00000000d562ca60}> (0x00000000d562ca60) 
thrown [s\src\hotspot\share\prims\jni.cpp, line 520]
Event: 2735.410 Thread 0x0000019c7ef7ee70 Exception <a 'sun/nio/fs/WindowsException'{0x00000000d56f8ff8}> (0x00000000d56f8ff8) 
thrown [s\src\hotspot\share\prims\jni.cpp, line 520]
Event: 2737.864 Thread 0x0000019c7ef7ee70 Exception <a 'sun/nio/fs/WindowsException'{0x00000000d55d2750}> (0x00000000d55d2750) 
thrown [s\src\hotspot\share\prims\jni.cpp, line 520]
Event: 2825.624 Thread 0x0000019c7ef7ee70 Exception <a 'sun/nio/fs/WindowsException'{0x00000000d55e0c50}> (0x00000000d55e0c50) 
thrown [s\src\hotspot\share\prims\jni.cpp, line 520]
Event: 2825.930 Thread 0x0000019c7ef7ee70 Exception <a 'sun/nio/fs/WindowsException'{0x00000000d5626068}> (0x00000000d5626068) 
thrown [s\src\hotspot\share\prims\jni.cpp, line 520]
Event: 3035.031 Thread 0x0000019c47c43ab0 Exception <a 'sun/nio/fs/WindowsException'{0x00000000d56fe6d0}> (0x00000000d56fe6d0) 
thrown [s\src\hotspot\share\prims\jni.cpp, line 520]
Event: 3035.031 Thread 0x0000019c47c43ab0 Exception <a 'sun/nio/fs/WindowsException'{0x00000000d56ff438}> (0x00000000d56ff438) 
thrown [s\src\hotspot\share\prims\jni.cpp, line 520]
Event: 3074.893 Thread 0x0000019c41cc4460 Implicit null exception at 0x0000019c6dd04f68 to 0x0000019c6dd05058
Event: 3076.079 Thread 0x0000019c7ef23740 Implicit null exception at 0x0000019c6da45298 to 0x0000019c6da4665c
Event: 3076.079 Thread 0x0000019c7ef23740 Implicit null exception at 0x0000019c6da48bb5 to 0x0000019c6da48e2c
Event: 3076.554 Thread 0x0000019c7ef20950 Implicit null exception at 0x0000019c6d73830e to 0x0000019c6d7383b5
Event: 3076.555 Thread 0x0000019c7ef20950 Implicit null exception at 0x0000019c6d5c365c to 0x0000019c6d5c617c
Event: 3076.555 Thread 0x0000019c7ef20950 Exception <a 'java/lang/NoSuchMethodError'{0x00000000d561ae48}: 'int java.lang.invoke.DirectMethodHandle$Holder.invokeVirtual(java.lang.Object, java.lang.Object, java.lang.Object, int)'> (0x00000000d561ae48) 
thrown [s\src\hotspot\share\interpreter\linkResolver.cpp, line 773]
Event: 3076.556 Thread 0x0000019c7ef20950 Implicit null exception at 0x0000019c6d7708c9 to 0x0000019c6d7718c4
Event: 3208.456 Thread 0x0000019c7ef21670 Exception <a 'java/lang/NoSuchMethodError'{0x00000000d56d49d8}: 'java.lang.Object java.lang.invoke.DirectMethodHandle$Holder.newInvokeSpecial(java.lang.Object, java.lang.Object, int, java.lang.Object, java.lang.Object, java.lang.Object, java.lang.Object)'> (0x00000000d56d49d8) 
thrown [s\src\hotspot\share\interpreter\linkResolver.cpp, line 773]
Event: 3382.358 Thread 0x0000019c7ef20950 Exception <a 'java/lang/NoSuchMethodError'{0x00000000d57e2918}: 'java.lang.Object java.lang.invoke.DirectMethodHandle$Holder.invokeStaticInit(java.lang.Object, java.lang.Object, int)'> (0x00000000d57e2918) 
thrown [s\src\hotspot\share\interpreter\linkResolver.cpp, line 773]
Event: 3382.381 Thread 0x0000019c7ef20950 Implicit null exception at 0x0000019c6d76ecc9 to 0x0000019c6d76ef24
Event: 3382.963 Thread 0x0000019c7ef20950 Exception <a 'java/lang/NoSuchMethodError'{0x00000000d573e008}: 'void java.lang.invoke.DirectMethodHandle$Holder.invokeStatic(java.lang.Object, java.lang.Object, java.lang.Object, java.lang.Object, java.lang.Object, java.lang.Object, java.lang.Object)'> (0x00000000d573e008) 
thrown [s\src\hotspot\share\interpreter\linkResolver.cpp, line 773]

ZGC Phase Switch (0 events):
No events

VM Operations (20 events):
Event: 4210.986 Executing VM operation: ParallelGCFailedAllocation (Allocation Failure)
Event: 4210.992 Executing VM operation: ParallelGCFailedAllocation (Allocation Failure) done
Event: 4211.322 Executing VM operation: ParallelGCFailedAllocation (Allocation Failure)
Event: 4211.337 Executing VM operation: ParallelGCFailedAllocation (Allocation Failure) done
Event: 4211.372 Executing VM operation: ParallelGCFailedAllocation (Allocation Failure)
Event: 4211.380 Executing VM operation: ParallelGCFailedAllocation (Allocation Failure) done
Event: 4211.423 Executing VM operation: ParallelGCFailedAllocation (Allocation Failure)
Event: 4211.425 Executing VM operation: ParallelGCFailedAllocation (Allocation Failure) done
Event: 4211.466 Executing VM operation: ParallelGCFailedAllocation (Allocation Failure)
Event: 4211.469 Executing VM operation: ParallelGCFailedAllocation (Allocation Failure) done
Event: 4211.513 Executing VM operation: ParallelGCFailedAllocation (Allocation Failure)
Event: 4211.518 Executing VM operation: ParallelGCFailedAllocation (Allocation Failure) done
Event: 4211.562 Executing VM operation: ParallelGCFailedAllocation (Allocation Failure)
Event: 4211.565 Executing VM operation: ParallelGCFailedAllocation (Allocation Failure) done
Event: 4212.575 Executing VM operation: Cleanup
Event: 4212.575 Executing VM operation: Cleanup done
Event: 4269.851 Executing VM operation: HandshakeAllThreads (HandshakeForDeflation)
Event: 4269.851 Executing VM operation: HandshakeAllThreads (HandshakeForDeflation) done
Event: 4269.851 Executing VM operation: RendezvousGCThreads
Event: 4269.851 Executing VM operation: RendezvousGCThreads done

Memory protections (0 events):
No events

Nmethod flushes (20 events):
Event: 2736.767 Thread 0x0000019c6282fb60 flushing  nmethod 0x0000019c668a2910
Event: 2736.767 Thread 0x0000019c6282fb60 flushing  nmethod 0x0000019c668a3990
Event: 2736.767 Thread 0x0000019c6282fb60 flushing  nmethod 0x0000019c668a5110
Event: 2736.767 Thread 0x0000019c6282fb60 flushing  nmethod 0x0000019c668a6190
Event: 2736.767 Thread 0x0000019c6282fb60 flushing  nmethod 0x0000019c668a7290
Event: 2736.767 Thread 0x0000019c6282fb60 flushing  nmethod 0x0000019c668a7890
Event: 2736.767 Thread 0x0000019c6282fb60 flushing  nmethod 0x0000019c668add10
Event: 2736.767 Thread 0x0000019c6282fb60 flushing  nmethod 0x0000019c668b9310
Event: 2736.767 Thread 0x0000019c6282fb60 flushing  nmethod 0x0000019c668bae90
Event: 2736.767 Thread 0x0000019c6282fb60 flushing  nmethod 0x0000019c668caa90
Event: 2736.767 Thread 0x0000019c6282fb60 flushing  nmethod 0x0000019c668ccd10
Event: 2736.767 Thread 0x0000019c6282fb60 flushing  nmethod 0x0000019c668d1790
Event: 2736.767 Thread 0x0000019c6282fb60 flushing  nmethod 0x0000019c668d6610
Event: 2736.767 Thread 0x0000019c6282fb60 flushing  nmethod 0x0000019c668d6c90
Event: 2736.767 Thread 0x0000019c6282fb60 flushing  nmethod 0x0000019c668eab90
Event: 2736.767 Thread 0x0000019c6282fb60 flushing  nmethod 0x0000019c668eb110
Event: 2736.767 Thread 0x0000019c6282fb60 flushing  nmethod 0x0000019c6690a910
Event: 2736.767 Thread 0x0000019c6282fb60 flushing  nmethod 0x0000019c66930e90
Event: 2736.767 Thread 0x0000019c6282fb60 flushing  nmethod 0x0000019c66db0990
Event: 2736.767 Thread 0x0000019c6282fb60 flushing  nmethod 0x0000019c66dcf910

Events (20 events):
Event: 3308.396 Thread 0x0000019c62706270 Thread added: 0x0000019c46f25c60
Event: 3308.666 Thread 0x0000019c46f25c60 Thread exited: 0x0000019c46f25c60
Event: 3373.335 Thread 0x0000019c62706270 Thread added: 0x0000019c46f25c60
Event: 3378.384 Thread 0x0000019c46f25c60 Thread exited: 0x0000019c46f25c60
Event: 3382.732 Thread 0x0000019c62706270 Thread added: 0x0000019c46f277a0
Event: 3382.954 Thread 0x0000019c7ef20950 Thread added: 0x0000019c7ef26bc0
Event: 3383.657 Thread 0x0000019c46f277a0 Thread exited: 0x0000019c46f277a0
Event: 3472.878 Thread 0x0000019c6268aaa0 Thread added: 0x0000019c46f26330
Event: 3477.895 Thread 0x0000019c46f26330 Thread exited: 0x0000019c46f26330
Event: 3532.720 Thread 0x0000019c7ef20950 Thread exited: 0x0000019c7ef20950
Event: 3592.723 Thread 0x0000019c7ef23740 Thread exited: 0x0000019c7ef23740
Event: 3652.734 Thread 0x0000019c7ef230b0 Thread exited: 0x0000019c7ef230b0
Event: 4208.796 Thread 0x0000019c41cc4460 Thread added: 0x0000019c7ef20950
Event: 4208.802 Thread 0x0000019c7ef20950 Thread added: 0x0000019c7ef25180
Event: 4208.805 Thread 0x0000019c7ef25180 Thread added: 0x0000019c7ef25810
Event: 4209.554 Thread 0x0000019c62706270 Thread added: 0x0000019c46f26330
Event: 4211.314 Thread 0x0000019c46f26330 Thread exited: 0x0000019c46f26330
Event: 4285.125 Thread 0x0000019c7ef25180 Thread exited: 0x0000019c7ef25180
Event: 4345.131 Thread 0x0000019c7ef25810 Thread exited: 0x0000019c7ef25810
Event: 4405.151 Thread 0x0000019c7ef20950 Thread exited: 0x0000019c7ef20950


Dynamic libraries:
0x00007ff7dca30000 - 0x00007ff7dca3e000 	c:\Users\faten\.vscode\extensions\redhat.java-1.52.0-win32-x64\jre\21.0.9-win32-x86_64\bin\java.exe
0x00007fff10f80000 - 0x00007fff111e8000 	C:\WINDOWS\SYSTEM32\ntdll.dll
0x00007fff0f340000 - 0x00007fff0f409000 	C:\WINDOWS\System32\KERNEL32.DLL
0x00007fff0e5a0000 - 0x00007fff0e991000 	C:\WINDOWS\System32\KERNELBASE.dll
0x00007fff0e450000 - 0x00007fff0e59b000 	C:\WINDOWS\System32\ucrtbase.dll
0x00007fff088e0000 - 0x00007fff088f8000 	c:\Users\faten\.vscode\extensions\redhat.java-1.52.0-win32-x64\jre\21.0.9-win32-x86_64\bin\jli.dll
0x00007fff0efe0000 - 0x00007fff0f1a6000 	C:\WINDOWS\System32\USER32.dll
0x00007fff0e2b0000 - 0x00007fff0e2d7000 	C:\WINDOWS\System32\win32u.dll
0x00007fff109c0000 - 0x00007fff109eb000 	C:\WINDOWS\System32\GDI32.dll
0x00007fff0e180000 - 0x00007fff0e2ab000 	C:\WINDOWS\System32\gdi32full.dll
0x00007fff0e9a0000 - 0x00007fff0ea43000 	C:\WINDOWS\System32\msvcp_win.dll
0x00007fff088c0000 - 0x00007fff088de000 	c:\Users\faten\.vscode\extensions\redhat.java-1.52.0-win32-x64\jre\21.0.9-win32-x86_64\bin\VCRUNTIME140.dll
0x00007ffeecc40000 - 0x00007ffeeced3000 	C:\WINDOWS\WinSxS\amd64_microsoft.windows.common-controls_6595b64144ccf1df_6.0.26100.7705_none_3e06597ae3363b04\COMCTL32.dll
0x00007fff0ed90000 - 0x00007fff0ee39000 	C:\WINDOWS\System32\msvcrt.dll
0x00007fff0fda0000 - 0x00007fff0fdd1000 	C:\WINDOWS\System32\IMM32.DLL
0x00007fff0ab70000 - 0x00007fff0ab7c000 	c:\Users\faten\.vscode\extensions\redhat.java-1.52.0-win32-x64\jre\21.0.9-win32-x86_64\bin\vcruntime140_1.dll
0x00007ffefce30000 - 0x00007ffefcebd000 	c:\Users\faten\.vscode\extensions\redhat.java-1.52.0-win32-x64\jre\21.0.9-win32-x86_64\bin\msvcp140.dll
0x00007ffea4490000 - 0x00007ffea5230000 	c:\Users\faten\.vscode\extensions\redhat.java-1.52.0-win32-x64\jre\21.0.9-win32-x86_64\bin\server\jvm.dll
0x00007fff109f0000 - 0x00007fff10aa4000 	C:\WINDOWS\System32\ADVAPI32.dll
0x00007fff10910000 - 0x00007fff109b6000 	C:\WINDOWS\System32\sechost.dll
0x00007fff0f410000 - 0x00007fff0f528000 	C:\WINDOWS\System32\RPCRT4.dll
0x00007fff0f9f0000 - 0x00007fff0fa64000 	C:\WINDOWS\System32\WS2_32.dll
0x00007fff0d6c0000 - 0x00007fff0d71e000 	C:\WINDOWS\SYSTEM32\POWRPROF.dll
0x00007ffef2130000 - 0x00007ffef2165000 	C:\WINDOWS\SYSTEM32\WINMM.dll
0x00007ffef59d0000 - 0x00007ffef59db000 	C:\WINDOWS\SYSTEM32\VERSION.dll
0x00007fff0d6a0000 - 0x00007fff0d6b4000 	C:\WINDOWS\SYSTEM32\UMPDC.dll
0x00007fff0c610000 - 0x00007fff0c62b000 	C:\WINDOWS\SYSTEM32\kernel.appcore.dll
0x00007fff088b0000 - 0x00007fff088ba000 	c:\Users\faten\.vscode\extensions\redhat.java-1.52.0-win32-x64\jre\21.0.9-win32-x86_64\bin\jimage.dll
0x00007fff0b730000 - 0x00007fff0b972000 	C:\WINDOWS\SYSTEM32\DBGHELP.DLL
0x00007fff0f530000 - 0x00007fff0f8b6000 	C:\WINDOWS\System32\combase.dll
0x00007fff0fc50000 - 0x00007fff0fd27000 	C:\WINDOWS\System32\OLEAUT32.dll
0x00007ffee8090000 - 0x00007ffee80cb000 	C:\WINDOWS\SYSTEM32\dbgcore.DLL
0x00007fff0d860000 - 0x00007fff0d905000 	C:\WINDOWS\System32\bcryptPrimitives.dll
0x00007fff088a0000 - 0x00007fff088af000 	c:\Users\faten\.vscode\extensions\redhat.java-1.52.0-win32-x64\jre\21.0.9-win32-x86_64\bin\instrument.dll
0x00007fff08880000 - 0x00007fff088a0000 	c:\Users\faten\.vscode\extensions\redhat.java-1.52.0-win32-x64\jre\21.0.9-win32-x86_64\bin\java.dll
0x00007fff0fde0000 - 0x00007fff10531000 	C:\WINDOWS\System32\SHELL32.dll
0x00007fff0e2e0000 - 0x00007fff0e44a000 	C:\WINDOWS\System32\wintypes.dll
0x00007fff0d910000 - 0x00007fff0e172000 	C:\WINDOWS\System32\windows.storage.dll
0x00007fff0fa80000 - 0x00007fff0fb76000 	C:\WINDOWS\System32\SHCORE.dll
0x00007fff0fd30000 - 0x00007fff0fd97000 	C:\WINDOWS\System32\shlwapi.dll
0x00007fff0d780000 - 0x00007fff0d7a9000 	C:\WINDOWS\SYSTEM32\profapi.dll
0x00007fff00500000 - 0x00007fff00518000 	c:\Users\faten\.vscode\extensions\redhat.java-1.52.0-win32-x64\jre\21.0.9-win32-x86_64\bin\zip.dll
0x00007fff004f0000 - 0x00007fff00500000 	C:\Users\faten\.vscode\extensions\redhat.java-1.52.0-win32-x64\jre\21.0.9-win32-x86_64\bin\net.dll
0x00007ffef5ab0000 - 0x00007ffef5bd7000 	C:\WINDOWS\SYSTEM32\WINHTTP.dll
0x00007fff0cb80000 - 0x00007fff0cbeb000 	C:\WINDOWS\system32\mswsock.dll
0x00007fff00170000 - 0x00007fff00186000 	C:\Users\faten\.vscode\extensions\redhat.java-1.52.0-win32-x64\jre\21.0.9-win32-x86_64\bin\nio.dll
0x00007fff000d0000 - 0x00007fff000e0000 	c:\Users\faten\.vscode\extensions\redhat.java-1.52.0-win32-x64\jre\21.0.9-win32-x86_64\bin\verify.dll
0x00007ffefcc80000 - 0x00007ffefccc5000 	C:\Users\faten\AppData\Roaming\Code\User\globalStorage\redhat.java\1.52.0\config_win\org.eclipse.equinox.launcher\org.eclipse.equinox.launcher.win32.win32.x86_64_1.2.1500.v20260121-1430\eclipse_11919.dll
0x00007fff0ee40000 - 0x00007fff0efd7000 	C:\WINDOWS\System32\ole32.dll
0x00007fff0ce40000 - 0x00007fff0ce5b000 	C:\WINDOWS\SYSTEM32\CRYPTSP.dll
0x00007fff0c570000 - 0x00007fff0c5a9000 	C:\WINDOWS\system32\rsaenh.dll
0x00007fff0cc30000 - 0x00007fff0cc5b000 	C:\WINDOWS\SYSTEM32\USERENV.dll
0x00007fff0d750000 - 0x00007fff0d77a000 	C:\WINDOWS\SYSTEM32\bcrypt.dll
0x00007fff0ce60000 - 0x00007fff0ce6c000 	C:\WINDOWS\SYSTEM32\CRYPTBASE.dll
0x00007fff0c0a0000 - 0x00007fff0c0d4000 	C:\WINDOWS\SYSTEM32\IPHLPAPI.DLL
0x00007fff0ed80000 - 0x00007fff0ed8a000 	C:\WINDOWS\System32\NSI.dll
0x00007ffef7e90000 - 0x00007ffef7ed9000 	C:\Users\faten\AppData\Local\Temp\jna-97203586\jna15537092775203342613.dll
0x00007fff0fa70000 - 0x00007fff0fa78000 	C:\WINDOWS\System32\PSAPI.DLL
0x00007ffef5a20000 - 0x00007ffef5a3e000 	C:\WINDOWS\SYSTEM32\dhcpcsvc6.DLL
0x00007ffef59a0000 - 0x00007ffef59c3000 	C:\WINDOWS\SYSTEM32\dhcpcsvc.DLL
0x00007fff08900000 - 0x00007fff0890e000 	C:\Users\faten\.vscode\extensions\redhat.java-1.52.0-win32-x64\jre\21.0.9-win32-x86_64\bin\sunmscapi.dll
0x00007fff0ea50000 - 0x00007fff0ebc7000 	C:\WINDOWS\System32\CRYPT32.dll
0x00007fff0d060000 - 0x00007fff0d090000 	C:\WINDOWS\SYSTEM32\ncrypt.dll
0x00007fff0d010000 - 0x00007fff0d04f000 	C:\WINDOWS\SYSTEM32\NTASN1.dll
0x00007fff022b0000 - 0x00007fff022b8000 	C:\WINDOWS\system32\wshunix.dll
0x00007fff00bb0000 - 0x00007fff00bb9000 	C:\Users\faten\.vscode\extensions\redhat.java-1.52.0-win32-x64\jre\21.0.9-win32-x86_64\bin\extnet.dll

JVMTI agents:
c:\Users\faten\.vscode\extensions\redhat.java-1.52.0-win32-x64\lombok\lombok-1.18.39-4050.jar path:c:\Users\faten\.vscode\extensions\redhat.java-1.52.0-win32-x64\jre\21.0.9-win32-x86_64\bin\instrument.dll, loaded, initialized, instrumentlib options:none

dbghelp: loaded successfully - version: 4.0.5 - missing functions: none
symbol engine: initialized successfully - sym options: 0x614 - pdb path: .;c:\Users\faten\.vscode\extensions\redhat.java-1.52.0-win32-x64\jre\21.0.9-win32-x86_64\bin;C:\WINDOWS\SYSTEM32;C:\WINDOWS\WinSxS\amd64_microsoft.windows.common-controls_6595b64144ccf1df_6.0.26100.7705_none_3e06597ae3363b04;c:\Users\faten\.vscode\extensions\redhat.java-1.52.0-win32-x64\jre\21.0.9-win32-x86_64\bin\server;C:\Users\faten\AppData\Roaming\Code\User\globalStorage\redhat.java\1.52.0\config_win\org.eclipse.equinox.launcher\org.eclipse.equinox.launcher.win32.win32.x86_64_1.2.1500.v20260121-1430;C:\Users\faten\AppData\Local\Temp\jna-97203586

VM Arguments:
jvm_args: --add-modules=ALL-SYSTEM --add-opens=java.base/java.util=ALL-UNNAMED --add-opens=java.base/java.lang=ALL-UNNAMED --add-opens=java.base/sun.nio.fs=ALL-UNNAMED -Declipse.application=org.eclipse.jdt.ls.core.id1 -Dosgi.bundles.defaultStartLevel=4 -Declipse.product=org.eclipse.jdt.ls.core.product -Djava.import.generatesMetadataFilesAtProjectRoot=false -DDetectVMInstallationsJob.disabled=true -Dfile.encoding=utf8 -XX:+UseParallelGC -XX:GCTimeRatio=4 -XX:AdaptiveSizePolicyWeight=90 -Dsun.zip.disableMemoryMapping=true -Xmx2G -Xms100m -Xlog:disable -javaagent:c:\Users\faten\.vscode\extensions\redhat.java-1.52.0-win32-x64\lombok\lombok-1.18.39-4050.jar -XX:+HeapDumpOnOutOfMemoryError -XX:HeapDumpPath=c:\Users\faten\AppData\Roaming\Code\User\workspaceStorage\12c35a4dedc2fcd9bab49f7ec424ca49\redhat.java -Daether.dependencyCollector.impl=bf 
java_command: c:\Users\faten\.vscode\extensions\redhat.java-1.52.0-win32-x64\server\plugins\org.eclipse.equinox.launcher_1.7.100.v20251111-0406.jar -configuration c:\Users\faten\AppData\Roaming\Code\User\globalStorage\redhat.java\1.52.0\config_win -data c:\Users\faten\AppData\Roaming\Code\User\workspaceStorage\12c35a4dedc2fcd9bab49f7ec424ca49\redhat.java\jdt_ws --pipe=\\.\pipe\lsp-c5800da20d818fa9f3c3dfde76c995cf-sock
java_class_path (initial): c:\Users\faten\.vscode\extensions\redhat.java-1.52.0-win32-x64\server\plugins\org.eclipse.equinox.launcher_1.7.100.v20251111-0406.jar
Launcher Type: SUN_STANDARD

[Global flags]
    uintx AdaptiveSizePolicyWeight                 = 90                                        {product} {command line}
     intx CICompilerCount                          = 3                                         {product} {ergonomic}
    uintx GCTimeRatio                              = 4                                         {product} {command line}
     bool HeapDumpOnOutOfMemoryError               = true                                   {manageable} {command line}
    ccstr HeapDumpPath                             = c:\Users\faten\AppData\Roaming\Code\User\workspaceStorage\12c35a4dedc2fcd9bab49f7ec424ca49\redhat.java         {manageable} {command line}
   size_t InitialHeapSize                          = 104857600                                 {product} {command line}
   size_t MaxHeapSize                              = 2147483648                                {product} {command line}
   size_t MaxNewSize                               = 715653120                                 {product} {ergonomic}
   size_t MinHeapDeltaBytes                        = 524288                                    {product} {ergonomic}
   size_t MinHeapSize                              = 104857600                                 {product} {command line}
   size_t NewSize                                  = 34603008                                  {product} {ergonomic}
    uintx NonNMethodCodeHeapSize                   = 5832780                                {pd product} {ergonomic}
    uintx NonProfiledCodeHeapSize                  = 122912730                              {pd product} {ergonomic}
   size_t OldSize                                  = 70254592                                  {product} {ergonomic}
    uintx ProfiledCodeHeapSize                     = 122912730                              {pd product} {ergonomic}
    uintx ReservedCodeCacheSize                    = 251658240                              {pd product} {ergonomic}
     bool SegmentedCodeCache                       = true                                      {product} {ergonomic}
   size_t SoftMaxHeapSize                          = 2147483648                             {manageable} {ergonomic}
     bool UseCompressedOops                        = true                           {product lp64_product} {ergonomic}
     bool UseLargePagesIndividualAllocation        = false                                  {pd product} {ergonomic}
     bool UseParallelGC                            = true                                      {product} {command line}

Logging:
Log output configuration:
 #0: stdout all=off uptime,level,tags foldmultilines=false
 #1: stderr all=off uptime,level,tags foldmultilines=false

Release file:
JAVA_VERSION="21.0.9" 
MODULES="java.base java.compiler java.datatransfer java.xml java.prefs java.desktop java.instrument java.logging java.management java.security.sasl java.naming java.rmi java.management.rmi java.net.http java.scripting java.security.jgss java.transaction.xa java.sql java.sql.rowset java.xml.crypto java.se java.smartcardio jdk.accessibility jdk.internal.jvmstat jdk.attach jdk.charsets jdk.internal.opt jdk.zipfs jdk.compiler jdk.crypto.ec jdk.crypto.cryptoki jdk.crypto.mscapi jdk.dynalink jdk.internal.ed jdk.editpad jdk.hotspot.agent jdk.httpserver jdk.internal.le jdk.internal.vm.ci jdk.internal.vm.compiler jdk.internal.vm.compiler.management jdk.jartool jdk.javadoc jdk.jcmd jdk.management jdk.management.agent jdk.jconsole jdk.jdeps jdk.jdwp.agent jdk.jdi jdk.jfr jdk.jshell jdk.jsobject jdk.jstatd jdk.localedata jdk.management.jfr jdk.naming.dns jdk.naming.rmi jdk.net jdk.nio.mapmode jdk.random jdk.sctp jdk.security.auth jdk.security.jgss jdk.unsupported jdk.unsupported.desktop jdk.xml.dom" 

Environment Variables:
PATH=C:\Program Files\Eclipse Adoptium\jdk-25.0.1.8-hotspot\bin;C:\WINDOWS\system32;C:\WINDOWS;C:\WINDOWS\System32\Wbem;C:\WINDOWS\System32\WindowsPowerShell\v1.0\;C:\WINDOWS\System32\OpenSSH\;C:\Program Files (x86)\dotnet\;C:\Program Files\cursor\resources\app\bin;C:\Program Files\Docker\Docker\resources\bin;C:\Program Files\Git\cmd;C:\Program Files\Git\mingw64\bin;C:\Program Files\Git\usr\bin;C:\Program Files\nodejs\;C:\Program Files\Eclipse Adoptium\jdk-25.0.1.8-hotspot\bin;C:\WINDOWS\system32;C:\WINDOWS;C:\WINDOWS\System32\Wbem;C:\WINDOWS\System32\WindowsPowerShell\v1.0\;C:\WINDOWS\System32\OpenSSH\;C:\Program Files (x86)\dotnet\;C:\Program Files\cursor\resources\app\bin;C:\Program Files\Docker\Docker\resources\bin;C:\Program Files\Git\cmd;C:\Program Files\Git\mingw64\bin;C:\Program Files\Git\usr\bin;C:\Program Files\nodejs\;C:\Program Files\Eclipse Adoptium\jdk-25.0.1.8-hotspot\bin;C:\WINDOWS\system32;C:\WINDOWS;C:\WINDOWS\System32\Wbem;C:\WINDOWS\System32\WindowsPowerShell\v1.0\;C:\WINDOWS\System32\OpenSSH\;C:\Program Files (x86)\dotnet\;C:\Program Files\cursor\resources\app\bin;C:\Program Files\Docker\Docker\resources\bin;C:\Program Files\Git\cmd;C:\Program Files\Git\mingw64\bin;C:\Program Files\Git\usr\bin;C:\Program Files\nodejs\;C:\Users\faten\AppData\Local\Programs\Python\Python313\Scripts\;C:\Users\faten\AppData\Local\Programs\Python\Python313\;C:\Users\faten\AppData\Local\Programs\Python\Launcher\;C:\Users\fate;C:\Users\faten\AppData\Local\Programs\Microsoft VS Code\bin;C:\Program Files\Apache\Maven\apache-maven-3.9.12\bin;
USERNAME=faten
OS=Windows_NT
PROCESSOR_IDENTIFIER=Intel64 Family 6 Model 122 Stepping 8, GenuineIntel
TMP=C:\Users\faten\AppData\Local\Temp
TEMP=C:\Users\faten\AppData\Local\Temp




Periodic native trim disabled

---------------  S Y S T E M  ---------------

OS:
 Windows 11 , 64 bit Build 26100 (10.0.26100.7705)
OS uptime: 0 days 23:06 hours
Hyper-V role detected

CPU: total 4 (initial active 4) (4 cores per cpu, 1 threads per core) family 6 model 122 stepping 8 microcode 0x20, cx8, cmov, fxsr, mmx, 3dnowpref, sse, sse2, sse3, ssse3, sse4.1, sse4.2, popcnt, tsc, tscinvbit, aes, erms, clmul, sha, clflush, clflushopt, hv, rdtscp, rdpid
Processor Information for the first 4 processors :
  Max Mhz: 1101, Current Mhz: 1101, Mhz Limit: 1101

Memory: 4k page, system-wide physical 7833M (1149M free)
TotalPageFile size 11413M (AvailPageFile size 0M)
current process WorkingSet (physical memory assigned to process): 188M, peak: 486M
current process commit charge ("private bytes"): 640M, peak: 659M

vm_info: OpenJDK 64-Bit Server VM (21.0.9+10-LTS) for windows-amd64 JRE (21.0.9+10-LTS), built on 2025-10-21T00:00:00Z by "admin" with unknown MS VC++:1942

END.
